<?xml version="1.0" encoding="UTF-8"?>
<testsuite xmlns:xsi="http://www.w3.org/2001/XMLSchema-instance" xsi:noNamespaceSchemaLocation="https://maven.apache.org/surefire/maven-surefire-plugin/xsd/surefire-test-report-3.0.xsd" version="3.0" name="org.acme.getting.started.GreetingResourceTest" time="7.974" tests="2" errors="0" skipped="0" failures="0">
  <properties>
[...]
</properties>
  <testcase name="testHelloEndpoint" classname="org.acme.getting.started.GreetingResourceTest" time="1.407">
    <system-out><![CDATA[Downloading from central: https://repo.maven.apache.org/maven2/io/quarkus/quarkus-resteasy-deployment/1.13.7.Final/quarkus-resteasy-deployment-1.13.7.Final.pom
Progress (1): quarkus-resteasy-deployment-1.13.7.Final.pom (2.7/3.8 kB)Progress (1): quarkus-resteasy-deployment-1.13.7.Final.pom (3.8 kB)                                                                       Downloaded from central: https://repo.maven.apache.org/maven2/io/quarkus/quarkus-resteasy-deployment/1.13.7.Final/quarkus-resteasy-deployment-1.13.7.Final.pom (3.8 kB at 11 kB/s)
Downloading from central: https://repo.maven.apache.org/maven2/io/quarkus/quarkus-resteasy-server-common-deployment/1.13.7.Final/quarkus-resteasy-server-common-deployment-1.13.7.Final.pom
Progress (1): quarkus-resteasy-server-common-deployment-1.13.7.Final.pom (2.2 kB)                                                                                 Downloaded from central: https://repo.maven.apache.org/maven2/io/quarkus/quarkus-resteasy-server-common-deployment/1.13.7.Final/quarkus-resteasy-server-common-deployment-1.13.7.Final.pom (2.2 kB at 56 kB/s)
Downloading from central: https://repo.maven.apache.org/maven2/org/jsoup/jsoup/1.11.3/jsoup-1.11.3.pom
Progress (1): jsoup-1.11.3.pom (2.7/8.3 kB)Progress (1): jsoup-1.11.3.pom (5.5/8.3 kB)Progress (1): jsoup-1.11.3.pom (8.2/8.3 kB)Progress (1): jsoup-1.11.3.pom (8.3 kB)                                           Downloaded from central: https://repo.maven.apache.org/maven2/org/jsoup/jsoup/1.11.3/jsoup-1.11.3.pom (8.3 kB at 213 kB/s)
Downloading from central: https://repo.maven.apache.org/maven2/io/quarkus/quarkus-resteasy-common-deployment/1.13.7.Final/quarkus-resteasy-common-deployment-1.13.7.Final.pom
Progress (1): quarkus-resteasy-common-deployment-1.13.7.Final.pom (1.8 kB)                                                                          Downloaded from central: https://repo.maven.apache.org/maven2/io/quarkus/quarkus-resteasy-common-deployment/1.13.7.Final/quarkus-resteasy-common-deployment-1.13.7.Final.pom (1.8 kB at 36 kB/s)
Downloading from central: https://repo.maven.apache.org/maven2/io/quarkus/quarkus-resteasy-common-spi/1.13.7.Final/quarkus-resteasy-common-spi-1.13.7.Final.pom
Progress (1): quarkus-resteasy-common-spi-1.13.7.Final.pom (777 B)                                                                  Downloaded from central: https://repo.maven.apache.org/maven2/io/quarkus/quarkus-resteasy-common-spi/1.13.7.Final/quarkus-resteasy-common-spi-1.13.7.Final.pom (777 B at 15 kB/s)
Downloading from central: https://repo.maven.apache.org/maven2/io/quarkus/quarkus-resteasy-server-common-spi/1.13.7.Final/quarkus-resteasy-server-common-spi-1.13.7.Final.pom
Progress (1): quarkus-resteasy-server-common-spi-1.13.7.Final.pom (890 B)                                                                         Downloaded from central: https://repo.maven.apache.org/maven2/io/quarkus/quarkus-resteasy-server-common-spi/1.13.7.Final/quarkus-resteasy-server-common-spi-1.13.7.Final.pom (890 B at 29 kB/s)
Downloading from central: https://repo.maven.apache.org/maven2/io/quarkus/quarkus-undertow-spi/1.13.7.Final/quarkus-undertow-spi-1.13.7.Final.pom
Progress (1): quarkus-undertow-spi-1.13.7.Final.pom (2.0 kB)                                                            Downloaded from central: https://repo.maven.apache.org/maven2/io/quarkus/quarkus-undertow-spi/1.13.7.Final/quarkus-undertow-spi-1.13.7.Final.pom (2.0 kB at 64 kB/s)
Downloading from central: https://repo.maven.apache.org/maven2/io/quarkus/quarkus-http-parent/1.13.7.Final/quarkus-http-parent-1.13.7.Final.pom
Progress (1): quarkus-http-parent-1.13.7.Final.pom (770 B)                                                          Downloaded from central: https://repo.maven.apache.org/maven2/io/quarkus/quarkus-http-parent/1.13.7.Final/quarkus-http-parent-1.13.7.Final.pom (770 B at 24 kB/s)
Downloading from central: https://repo.maven.apache.org/maven2/io/quarkus/http/quarkus-http-servlet/3.1.1.Final/quarkus-http-servlet-3.1.1.Final.pom
Progress (1): quarkus-http-servlet-3.1.1.Final.pom (2.7/19 kB)Progress (1): quarkus-http-servlet-3.1.1.Final.pom (5.5/19 kB)Progress (1): quarkus-http-servlet-3.1.1.Final.pom (8.2/19 kB)Progress (1): quarkus-http-servlet-3.1.1.Final.pom (11/19 kB) Progress (1): quarkus-http-servlet-3.1.1.Final.pom (14/19 kB)Progress (1): quarkus-http-servlet-3.1.1.Final.pom (16/19 kB)Progress (1): quarkus-http-servlet-3.1.1.Final.pom (19/19 kB)Progress (1): quarkus-http-servlet-3.1.1.Final.pom (19 kB)                                                             Downloaded from central: https://repo.maven.apache.org/maven2/io/quarkus/http/quarkus-http-servlet/3.1.1.Final/quarkus-http-servlet-3.1.1.Final.pom (19 kB at 396 kB/s)
Downloading from central: https://repo.maven.apache.org/maven2/io/quarkus/http/quarkus-http-parent/3.1.1.Final/quarkus-http-parent-3.1.1.Final.pom
Progress (1): quarkus-http-parent-3.1.1.Final.pom (4.1/29 kB)Progress (1): quarkus-http-parent-3.1.1.Final.pom (8.2/29 kB)Progress (1): quarkus-http-parent-3.1.1.Final.pom (12/29 kB) Progress (1): quarkus-http-parent-3.1.1.Final.pom (16/29 kB)Progress (1): quarkus-http-parent-3.1.1.Final.pom (20/29 kB)Progress (1): quarkus-http-parent-3.1.1.Final.pom (24/29 kB)Progress (1): quarkus-http-parent-3.1.1.Final.pom (28/29 kB)Progress (1): quarkus-http-parent-3.1.1.Final.pom (29 kB)                                                            Downloaded from central: https://repo.maven.apache.org/maven2/io/quarkus/http/quarkus-http-parent/3.1.1.Final/quarkus-http-parent-3.1.1.Final.pom (29 kB at 498 kB/s)
Downloading from central: https://repo.maven.apache.org/maven2/org/jboss/jboss-parent/28/jboss-parent-28.pom
Progress (1): jboss-parent-28.pom (4.1/35 kB)Progress (1): jboss-parent-28.pom (8.2/35 kB)Progress (1): jboss-parent-28.pom (12/35 kB) Progress (1): jboss-parent-28.pom (16/35 kB)Progress (1): jboss-parent-28.pom (20/35 kB)Progress (1): jboss-parent-28.pom (24/35 kB)Progress (1): jboss-parent-28.pom (28/35 kB)Progress (1): jboss-parent-28.pom (32/35 kB)Progress (1): jboss-parent-28.pom (35 kB)                                            Downloaded from central: https://repo.maven.apache.org/maven2/org/jboss/jboss-parent/28/jboss-parent-28.pom (35 kB at 915 kB/s)
Downloading from central: https://repo.maven.apache.org/maven2/io/quarkus/http/quarkus-http-core/3.1.1.Final/quarkus-http-core-3.1.1.Final.pom
Progress (1): quarkus-http-core-3.1.1.Final.pom (4.1/27 kB)Progress (1): quarkus-http-core-3.1.1.Final.pom (8.2/27 kB)Progress (1): quarkus-http-core-3.1.1.Final.pom (12/27 kB) Progress (1): quarkus-http-core-3.1.1.Final.pom (16/27 kB)Progress (1): quarkus-http-core-3.1.1.Final.pom (20/27 kB)Progress (1): quarkus-http-core-3.1.1.Final.pom (24/27 kB)Progress (1): quarkus-http-core-3.1.1.Final.pom (27 kB)                                                          Downloaded from central: https://repo.maven.apache.org/maven2/io/quarkus/http/quarkus-http-core/3.1.1.Final/quarkus-http-core-3.1.1.Final.pom (27 kB at 775 kB/s)
Downloading from central: https://repo.maven.apache.org/maven2/io/quarkus/http/quarkus-http-http-core/3.1.1.Final/quarkus-http-http-core-3.1.1.Final.pom
Progress (1): quarkus-http-http-core-3.1.1.Final.pom (4.1/4.9 kB)Progress (1): quarkus-http-http-core-3.1.1.Final.pom (4.9 kB)                                                                 Downloaded from central: https://repo.maven.apache.org/maven2/io/quarkus/http/quarkus-http-http-core/3.1.1.Final/quarkus-http-http-core-3.1.1.Final.pom (4.9 kB at 153 kB/s)
Downloading from central: https://repo.maven.apache.org/maven2/jakarta/servlet/jakarta.servlet-api/4.0.3/jakarta.servlet-api-4.0.3.pom
Progress (1): jakarta.servlet-api-4.0.3.pom (4.1/17 kB)Progress (1): jakarta.servlet-api-4.0.3.pom (8.2/17 kB)Progress (1): jakarta.servlet-api-4.0.3.pom (12/17 kB) Progress (1): jakarta.servlet-api-4.0.3.pom (16/17 kB)Progress (1): jakarta.servlet-api-4.0.3.pom (17 kB)                                                      Downloaded from central: https://repo.maven.apache.org/maven2/jakarta/servlet/jakarta.servlet-api/4.0.3/jakarta.servlet-api-4.0.3.pom (17 kB at 349 kB/s)
Downloading from central: https://repo.maven.apache.org/maven2/org/jboss/metadata/jboss-metadata-web/11.0.0.Final/jboss-metadata-web-11.0.0.Final.pom
Progress (1): jboss-metadata-web-11.0.0.Final.pom (4.1/4.7 kB)Progress (1): jboss-metadata-web-11.0.0.Final.pom (4.7 kB)                                                              Downloaded from central: https://repo.maven.apache.org/maven2/org/jboss/metadata/jboss-metadata-web/11.0.0.Final/jboss-metadata-web-11.0.0.Final.pom (4.7 kB at 161 kB/s)
Downloading from central: https://repo.maven.apache.org/maven2/org/jboss/metadata/jboss-as-parent-metadata/11.0.0.Final/jboss-as-parent-metadata-11.0.0.Final.pom
Progress (1): jboss-as-parent-metadata-11.0.0.Final.pom (4.1/17 kB)Progress (1): jboss-as-parent-metadata-11.0.0.Final.pom (8.2/17 kB)Progress (1): jboss-as-parent-metadata-11.0.0.Final.pom (12/17 kB) Progress (1): jboss-as-parent-metadata-11.0.0.Final.pom (16/17 kB)Progress (1): jboss-as-parent-metadata-11.0.0.Final.pom (17 kB)                                                                  Downloaded from central: https://repo.maven.apache.org/maven2/org/jboss/metadata/jboss-as-parent-metadata/11.0.0.Final/jboss-as-parent-metadata-11.0.0.Final.pom (17 kB at 378 kB/s)
Downloading from central: https://repo.maven.apache.org/maven2/org/jboss/jboss-parent/16/jboss-parent-16.pom
Progress (1): jboss-parent-16.pom (4.1/32 kB)Progress (1): jboss-parent-16.pom (8.2/32 kB)Progress (1): jboss-parent-16.pom (12/32 kB) Progress (1): jboss-parent-16.pom (16/32 kB)Progress (1): jboss-parent-16.pom (20/32 kB)Progress (1): jboss-parent-16.pom (24/32 kB)Progress (1): jboss-parent-16.pom (28/32 kB)Progress (1): jboss-parent-16.pom (32 kB)                                            Downloaded from central: https://repo.maven.apache.org/maven2/org/jboss/jboss-parent/16/jboss-parent-16.pom (32 kB at 985 kB/s)
Downloading from central: https://repo.maven.apache.org/maven2/org/jboss/metadata/jboss-metadata-common/11.0.0.Final/jboss-metadata-common-11.0.0.Final.pom
Progress (1): jboss-metadata-common-11.0.0.Final.pom (4.0 kB)                                                             Downloaded from central: https://repo.maven.apache.org/maven2/org/jboss/metadata/jboss-metadata-common/11.0.0.Final/jboss-metadata-common-11.0.0.Final.pom (4.0 kB at 144 kB/s)
Downloading from central: https://repo.maven.apache.org/maven2/io/quarkus/quarkus-vertx-http-deployment/1.13.7.Final/quarkus-vertx-http-deployment-1.13.7.Final.pom
Progress (1): quarkus-vertx-http-deployment-1.13.7.Final.pom (4.1/9.1 kB)Progress (1): quarkus-vertx-http-deployment-1.13.7.Final.pom (8.2/9.1 kB)Progress (1): quarkus-vertx-http-deployment-1.13.7.Final.pom (9.1 kB)                                                                         Downloaded from central: https://repo.maven.apache.org/maven2/io/quarkus/quarkus-vertx-http-deployment/1.13.7.Final/quarkus-vertx-http-deployment-1.13.7.Final.pom (9.1 kB at 233 kB/s)
Downloading from central: https://repo.maven.apache.org/maven2/io/quarkus/quarkus-vertx-core-deployment/1.13.7.Final/quarkus-vertx-core-deployment-1.13.7.Final.pom
Progress (1): quarkus-vertx-core-deployment-1.13.7.Final.pom (2.3 kB)                                                                     Downloaded from central: https://repo.maven.apache.org/maven2/io/quarkus/quarkus-vertx-core-deployment/1.13.7.Final/quarkus-vertx-core-deployment-1.13.7.Final.pom (2.3 kB at 77 kB/s)
Downloading from central: https://repo.maven.apache.org/maven2/io/quarkus/quarkus-netty-deployment/1.13.7.Final/quarkus-netty-deployment-1.13.7.Final.pom
Progress (1): quarkus-netty-deployment-1.13.7.Final.pom (1.5 kB)                                                                Downloaded from central: https://repo.maven.apache.org/maven2/io/quarkus/quarkus-netty-deployment/1.13.7.Final/quarkus-netty-deployment-1.13.7.Final.pom (1.5 kB at 50 kB/s)
Downloading from central: https://repo.maven.apache.org/maven2/io/quarkus/quarkus-kubernetes-spi/1.13.7.Final/quarkus-kubernetes-spi-1.13.7.Final.pom
Progress (1): quarkus-kubernetes-spi-1.13.7.Final.pom (1.2 kB)                                                              Downloaded from central: https://repo.maven.apache.org/maven2/io/quarkus/quarkus-kubernetes-spi/1.13.7.Final/quarkus-kubernetes-spi-1.13.7.Final.pom (1.2 kB at 38 kB/s)
Downloading from central: https://repo.maven.apache.org/maven2/io/quarkus/quarkus-kubernetes-parent/1.13.7.Final/quarkus-kubernetes-parent-1.13.7.Final.pom
Progress (1): quarkus-kubernetes-parent-1.13.7.Final.pom (810 B)                                                                Downloaded from central: https://repo.maven.apache.org/maven2/io/quarkus/quarkus-kubernetes-parent/1.13.7.Final/quarkus-kubernetes-parent-1.13.7.Final.pom (810 B at 27 kB/s)
Downloading from central: https://repo.maven.apache.org/maven2/io/quarkus/qute/qute-core/1.13.7.Final/qute-core-1.13.7.Final.pom
Progress (1): qute-core-1.13.7.Final.pom (1.0 kB)                                                 Downloaded from central: https://repo.maven.apache.org/maven2/io/quarkus/qute/qute-core/1.13.7.Final/qute-core-1.13.7.Final.pom (1.0 kB at 31 kB/s)
Downloading from central: https://repo.maven.apache.org/maven2/io/quarkus/qute/qute-parent/1.13.7.Final/qute-parent-1.13.7.Final.pom
Progress (1): qute-parent-1.13.7.Final.pom (4.1/21 kB)Progress (1): qute-parent-1.13.7.Final.pom (8.2/21 kB)Progress (1): qute-parent-1.13.7.Final.pom (12/21 kB) Progress (1): qute-parent-1.13.7.Final.pom (16/21 kB)Progress (1): qute-parent-1.13.7.Final.pom (20/21 kB)Progress (1): qute-parent-1.13.7.Final.pom (21 kB)                                                     Downloaded from central: https://repo.maven.apache.org/maven2/io/quarkus/qute/qute-parent/1.13.7.Final/qute-parent-1.13.7.Final.pom (21 kB at 623 kB/s)
Downloading from central: https://repo.maven.apache.org/maven2/org/yaml/snakeyaml/1.28/snakeyaml-1.28.pom
Progress (1): snakeyaml-1.28.pom (4.1/37 kB)Progress (1): snakeyaml-1.28.pom (8.2/37 kB)Progress (1): snakeyaml-1.28.pom (12/37 kB) Progress (1): snakeyaml-1.28.pom (16/37 kB)Progress (1): snakeyaml-1.28.pom (20/37 kB)Progress (1): snakeyaml-1.28.pom (24/37 kB)Progress (1): snakeyaml-1.28.pom (28/37 kB)Progress (1): snakeyaml-1.28.pom (32/37 kB)Progress (1): snakeyaml-1.28.pom (36/37 kB)Progress (1): snakeyaml-1.28.pom (37 kB)                                           Downloaded from central: https://repo.maven.apache.org/maven2/org/yaml/snakeyaml/1.28/snakeyaml-1.28.pom (37 kB at 1.1 MB/s)
Downloading from central: https://repo.maven.apache.org/maven2/io/quarkus/quarkus-security-spi/1.13.7.Final/quarkus-security-spi-1.13.7.Final.pom
Progress (1): quarkus-security-spi-1.13.7.Final.pom (1.5 kB)                                                            Downloaded from central: https://repo.maven.apache.org/maven2/io/quarkus/quarkus-security-spi/1.13.7.Final/quarkus-security-spi-1.13.7.Final.pom (1.5 kB at 45 kB/s)
Downloading from central: https://repo.maven.apache.org/maven2/io/quarkus/quarkus-resteasy-common-spi/1.13.7.Final/quarkus-resteasy-common-spi-1.13.7.Final.jar
Downloading from central: https://repo.maven.apache.org/maven2/io/quarkus/quarkus-resteasy-common-deployment/1.13.7.Final/quarkus-resteasy-common-deployment-1.13.7.Final.jar
Downloading from central: https://repo.maven.apache.org/maven2/io/quarkus/quarkus-resteasy-server-common-spi/1.13.7.Final/quarkus-resteasy-server-common-spi-1.13.7.Final.jar
Downloading from central: https://repo.maven.apache.org/maven2/io/quarkus/quarkus-resteasy-server-common-deployment/1.13.7.Final/quarkus-resteasy-server-common-deployment-1.13.7.Final.jar
Downloading from central: https://repo.maven.apache.org/maven2/io/quarkus/http/quarkus-http-http-core/3.1.1.Final/quarkus-http-http-core-3.1.1.Final.jar
Progress (1): quarkus-resteasy-common-spi-1.13.7.Final.jar (4.1/9.7 kB)Progress (1): quarkus-resteasy-common-spi-1.13.7.Final.jar (8.2/9.7 kB)Progress (1): quarkus-resteasy-common-spi-1.13.7.Final.jar (9.7 kB)                                                                       Downloaded from central: https://repo.maven.apache.org/maven2/io/quarkus/quarkus-resteasy-common-spi/1.13.7.Final/quarkus-resteasy-common-spi-1.13.7.Final.jar (9.7 kB at 179 kB/s)
Downloading from central: https://repo.maven.apache.org/maven2/io/quarkus/http/quarkus-http-core/3.1.1.Final/quarkus-http-core-3.1.1.Final.jar
Progress (1): quarkus-resteasy-server-common-spi-1.13.7.Final.jar (2.7/6.3 kB)Progress (2): quarkus-resteasy-server-common-spi-1.13.7.Final.jar (2.7/6.3 kB) | quarkus-resteasy-server-common-deployment-1.13.7.Final.jar (2.7/32 kB)Progress (2): quarkus-resteasy-server-common-spi-1.13.7.Final.jar (5.5/6.3 kB) | quarkus-resteasy-server-common-deployment-1.13.7.Final.jar (2.7/32 kB)Progress (3): quarkus-resteasy-server-common-spi-1.13.7.Final.jar (5.5/6.3 kB) | quarkus-resteasy-server-common-deployment-1.13.7.Final.jar (2.7/32 kB) | quarkus-http-http-core-3.1.1.Final.jar (2.7/39 kB)Progress (3): quarkus-resteasy-server-common-spi-1.13.7.Final.jar (5.5/6.3 kB) | quarkus-resteasy-server-common-deployment-1.13.7.Final.jar (5.5/32 kB) | quarkus-http-http-core-3.1.1.Final.jar (2.7/39 kB)Progress (3): quarkus-resteasy-server-common-spi-1.13.7.Final.jar (6.3 kB) | quarkus-resteasy-server-common-deployment-1.13.7.Final.jar (5.5/32 kB) | quarkus-http-http-core-3.1.1.Final.jar (2.7/39 kB)    Progress (4): quarkus-resteasy-server-common-spi-1.13.7.Final.jar (6.3 kB) | quarkus-resteasy-server-common-deployment-1.13.7.Final.jar (5.5/32 kB) | quarkus-http-http-core-3.1.1.Final.jar (2.7/39 kB) | quarkus-resteasy-common-deployment-1.13.7.Final.jar (2.7/22 kB)Progress (4): quarkus-resteasy-server-common-spi-1.13.7.Final.jar (6.3 kB) | quarkus-resteasy-server-common-deployment-1.13.7.Final.jar (5.5/32 kB) | quarkus-http-http-core-3.1.1.Final.jar (5.5/39 kB) | quarkus-resteasy-common-deployment-1.13.7.Final.jar (2.7/22 kB)Progress (4): quarkus-resteasy-server-common-spi-1.13.7.Final.jar (6.3 kB) | quarkus-resteasy-server-common-deployment-1.13.7.Final.jar (8.2/32 kB) | quarkus-http-http-core-3.1.1.Final.jar (5.5/39 kB) | quarkus-resteasy-common-deployment-1.13.7.Final.jar (2.7/22 kB)Progress (4): quarkus-resteasy-server-common-spi-1.13.7.Final.jar (6.3 kB) | quarkus-resteasy-server-common-deployment-1.13.7.Final.jar (8.2/32 kB) | quarkus-http-http-core-3.1.1.Final.jar (5.5/39 kB) | quarkus-resteasy-common-deployment-1.13.7.Final.jar (5.5/22 kB)Progress (4): quarkus-resteasy-server-common-spi-1.13.7.Final.jar (6.3 kB) | quarkus-resteasy-server-common-deployment-1.13.7.Final.jar (8.2/32 kB) | quarkus-http-http-core-3.1.1.Final.jar (8.2/39 kB) | quarkus-resteasy-common-deployment-1.13.7.Final.jar (5.5/22 kB)Progress (4): quarkus-resteasy-server-common-spi-1.13.7.Final.jar (6.3 kB) | quarkus-resteasy-server-common-deployment-1.13.7.Final.jar (11/32 kB) | quarkus-http-http-core-3.1.1.Final.jar (8.2/39 kB) | quarkus-resteasy-common-deployment-1.13.7.Final.jar (5.5/22 kB) Progress (4): quarkus-resteasy-server-common-spi-1.13.7.Final.jar (6.3 kB) | quarkus-resteasy-server-common-deployment-1.13.7.Final.jar (11/32 kB) | quarkus-http-http-core-3.1.1.Final.jar (8.2/39 kB) | quarkus-resteasy-common-deployment-1.13.7.Final.jar (8.2/22 kB)Progress (4): quarkus-resteasy-server-common-spi-1.13.7.Final.jar (6.3 kB) | quarkus-resteasy-server-common-deployment-1.13.7.Final.jar (11/32 kB) | quarkus-http-http-core-3.1.1.Final.jar (11/39 kB) | quarkus-resteasy-common-deployment-1.13.7.Final.jar (8.2/22 kB) Progress (4): quarkus-resteasy-server-common-spi-1.13.7.Final.jar (6.3 kB) | quarkus-resteasy-server-common-deployment-1.13.7.Final.jar (14/32 kB) | quarkus-http-http-core-3.1.1.Final.jar (11/39 kB) | quarkus-resteasy-common-deployment-1.13.7.Final.jar (8.2/22 kB)Progress (4): quarkus-resteasy-server-common-spi-1.13.7.Final.jar (6.3 kB) | quarkus-resteasy-server-common-deployment-1.13.7.Final.jar (14/32 kB) | quarkus-http-http-core-3.1.1.Final.jar (11/39 kB) | quarkus-resteasy-common-deployment-1.13.7.Final.jar (11/22 kB) Progress (4): quarkus-resteasy-server-common-spi-1.13.7.Final.jar (6.3 kB) | quarkus-resteasy-server-common-deployment-1.13.7.Final.jar (14/32 kB) | quarkus-http-http-core-3.1.1.Final.jar (14/39 kB) | quarkus-resteasy-common-deployment-1.13.7.Final.jar (11/22 kB)Progress (4): quarkus-resteasy-server-common-spi-1.13.7.Final.jar (6.3 kB) | quarkus-resteasy-server-common-deployment-1.13.7.Final.jar (16/32 kB) | quarkus-http-http-core-3.1.1.Final.jar (14/39 kB) | quarkus-resteasy-common-deployment-1.13.7.Final.jar (11/22 kB)Progress (4): quarkus-resteasy-server-common-spi-1.13.7.Final.jar (6.3 kB) | quarkus-resteasy-server-common-deployment-1.13.7.Final.jar (16/32 kB) | quarkus-http-http-core-3.1.1.Final.jar (14/39 kB) | quarkus-resteasy-common-deployment-1.13.7.Final.jar (14/22 kB)Progress (4): quarkus-resteasy-server-common-spi-1.13.7.Final.jar (6.3 kB) | quarkus-resteasy-server-common-deployment-1.13.7.Final.jar (16/32 kB) | quarkus-http-http-core-3.1.1.Final.jar (16/39 kB) | quarkus-resteasy-common-deployment-1.13.7.Final.jar (14/22 kB)Progress (4): quarkus-resteasy-server-common-spi-1.13.7.Final.jar (6.3 kB) | quarkus-resteasy-server-common-deployment-1.13.7.Final.jar (19/32 kB) | quarkus-http-http-core-3.1.1.Final.jar (16/39 kB) | quarkus-resteasy-common-deployment-1.13.7.Final.jar (14/22 kB)Progress (4): quarkus-resteasy-server-common-spi-1.13.7.Final.jar (6.3 kB) | quarkus-resteasy-server-common-deployment-1.13.7.Final.jar (19/32 kB) | quarkus-http-http-core-3.1.1.Final.jar (16/39 kB) | quarkus-resteasy-common-deployment-1.13.7.Final.jar (16/22 kB)Progress (5): quarkus-resteasy-server-common-spi-1.13.7.Final.jar (6.3 kB) | quarkus-resteasy-server-common-deployment-1.13.7.Final.jar (19/32 kB) | quarkus-http-http-core-3.1.1.Final.jar (16/39 kB) | quarkus-resteasy-common-deployment-1.13.7.Final.jar (16/22 kB) | quarkus-http-core-3.1.1.Final.jar (8.2/932 kB)Progress (5): quarkus-resteasy-server-common-spi-1.13.7.Final.jar (6.3 kB) | quarkus-resteasy-server-common-deployment-1.13.7.Final.jar (21/32 kB) | quarkus-http-http-core-3.1.1.Final.jar (16/39 kB) | quarkus-resteasy-common-deployment-1.13.7.Final.jar (16/22 kB) | quarkus-http-core-3.1.1.Final.jar (8.2/932 kB)Progress (5): quarkus-resteasy-server-common-spi-1.13.7.Final.jar (6.3 kB) | quarkus-resteasy-server-common-deployment-1.13.7.Final.jar (21/32 kB) | quarkus-http-http-core-3.1.1.Final.jar (16/39 kB) | quarkus-resteasy-common-deployment-1.13.7.Final.jar (19/22 kB) | quarkus-http-core-3.1.1.Final.jar (8.2/932 kB)Progress (5): quarkus-resteasy-server-common-spi-1.13.7.Final.jar (6.3 kB) | quarkus-resteasy-server-common-deployment-1.13.7.Final.jar (21/32 kB) | quarkus-http-http-core-3.1.1.Final.jar (19/39 kB) | quarkus-resteasy-common-deployment-1.13.7.Final.jar (19/22 kB) | quarkus-http-core-3.1.1.Final.jar (8.2/932 kB)                                                                                                                                                                                                                                                                                                                        Downloaded from central: https://repo.maven.apache.org/maven2/io/quarkus/quarkus-resteasy-server-common-spi/1.13.7.Final/quarkus-resteasy-server-common-spi-1.13.7.Final.jar (6.3 kB at 61 kB/s)
Downloading from central: https://repo.maven.apache.org/maven2/io/quarkus/http/quarkus-http-servlet/3.1.1.Final/quarkus-http-servlet-3.1.1.Final.jar
Progress (4): quarkus-resteasy-server-common-deployment-1.13.7.Final.jar (21/32 kB) | quarkus-http-http-core-3.1.1.Final.jar (19/39 kB) | quarkus-resteasy-common-deployment-1.13.7.Final.jar (21/22 kB) | quarkus-http-core-3.1.1.Final.jar (8.2/932 kB)Progress (4): quarkus-resteasy-server-common-deployment-1.13.7.Final.jar (24/32 kB) | quarkus-http-http-core-3.1.1.Final.jar (19/39 kB) | quarkus-resteasy-common-deployment-1.13.7.Final.jar (21/22 kB) | quarkus-http-core-3.1.1.Final.jar (8.2/932 kB)Progress (4): quarkus-resteasy-server-common-deployment-1.13.7.Final.jar (24/32 kB) | quarkus-http-http-core-3.1.1.Final.jar (21/39 kB) | quarkus-resteasy-common-deployment-1.13.7.Final.jar (21/22 kB) | quarkus-http-core-3.1.1.Final.jar (8.2/932 kB)Progress (4): quarkus-resteasy-server-common-deployment-1.13.7.Final.jar (24/32 kB) | quarkus-http-http-core-3.1.1.Final.jar (21/39 kB) | quarkus-resteasy-common-deployment-1.13.7.Final.jar (22 kB) | quarkus-http-core-3.1.1.Final.jar (8.2/932 kB)   Progress (4): quarkus-resteasy-server-common-deployment-1.13.7.Final.jar (24/32 kB) | quarkus-http-http-core-3.1.1.Final.jar (21/39 kB) | quarkus-resteasy-common-deployment-1.13.7.Final.jar (22 kB) | quarkus-http-core-3.1.1.Final.jar (16/932 kB) Progress (4): quarkus-resteasy-server-common-deployment-1.13.7.Final.jar (24/32 kB) | quarkus-http-http-core-3.1.1.Final.jar (24/39 kB) | quarkus-resteasy-common-deployment-1.13.7.Final.jar (22 kB) | quarkus-http-core-3.1.1.Final.jar (16/932 kB)Progress (4): quarkus-resteasy-server-common-deployment-1.13.7.Final.jar (27/32 kB) | quarkus-http-http-core-3.1.1.Final.jar (24/39 kB) | quarkus-resteasy-common-deployment-1.13.7.Final.jar (22 kB) | quarkus-http-core-3.1.1.Final.jar (16/932 kB)Progress (4): quarkus-resteasy-server-common-deployment-1.13.7.Final.jar (27/32 kB) | quarkus-http-http-core-3.1.1.Final.jar (27/39 kB) | quarkus-resteasy-common-deployment-1.13.7.Final.jar (22 kB) | quarkus-http-core-3.1.1.Final.jar (16/932 kB)Progress (4): quarkus-resteasy-server-common-deployment-1.13.7.Final.jar (30/32 kB) | quarkus-http-http-core-3.1.1.Final.jar (27/39 kB) | quarkus-resteasy-common-deployment-1.13.7.Final.jar (22 kB) | quarkus-http-core-3.1.1.Final.jar (16/932 kB)Progress (4): quarkus-resteasy-server-common-deployment-1.13.7.Final.jar (30/32 kB) | quarkus-http-http-core-3.1.1.Final.jar (30/39 kB) | quarkus-resteasy-common-deployment-1.13.7.Final.jar (22 kB) | quarkus-http-core-3.1.1.Final.jar (16/932 kB)Progress (4): quarkus-resteasy-server-common-deployment-1.13.7.Final.jar (32 kB) | quarkus-http-http-core-3.1.1.Final.jar (30/39 kB) | quarkus-resteasy-common-deployment-1.13.7.Final.jar (22 kB) | quarkus-http-core-3.1.1.Final.jar (16/932 kB)   Progress (4): quarkus-resteasy-server-common-deployment-1.13.7.Final.jar (32 kB) | quarkus-http-http-core-3.1.1.Final.jar (32/39 kB) | quarkus-resteasy-common-deployment-1.13.7.Final.jar (22 kB) | quarkus-http-core-3.1.1.Final.jar (16/932 kB)Progress (4): quarkus-resteasy-server-common-deployment-1.13.7.Final.jar (32 kB) | quarkus-http-http-core-3.1.1.Final.jar (32/39 kB) | quarkus-resteasy-common-deployment-1.13.7.Final.jar (22 kB) | quarkus-http-core-3.1.1.Final.jar (24/932 kB)Progress (4): quarkus-resteasy-server-common-deployment-1.13.7.Final.jar (32 kB) | quarkus-http-http-core-3.1.1.Final.jar (35/39 kB) | quarkus-resteasy-common-deployment-1.13.7.Final.jar (22 kB) | quarkus-http-core-3.1.1.Final.jar (24/932 kB)Progress (4): quarkus-resteasy-server-common-deployment-1.13.7.Final.jar (32 kB) | quarkus-http-http-core-3.1.1.Final.jar (38/39 kB) | quarkus-resteasy-common-deployment-1.13.7.Final.jar (22 kB) | quarkus-http-core-3.1.1.Final.jar (24/932 kB)Progress (4): quarkus-resteasy-server-common-deployment-1.13.7.Final.jar (32 kB) | quarkus-http-http-core-3.1.1.Final.jar (39 kB) | quarkus-resteasy-common-deployment-1.13.7.Final.jar (22 kB) | quarkus-http-core-3.1.1.Final.jar (24/932 kB)   Progress (4): quarkus-resteasy-server-common-deployment-1.13.7.Final.jar (32 kB) | quarkus-http-http-core-3.1.1.Final.jar (39 kB) | quarkus-resteasy-common-deployment-1.13.7.Final.jar (22 kB) | quarkus-http-core-3.1.1.Final.jar (32/932 kB)Progress (5): quarkus-resteasy-server-common-deployment-1.13.7.Final.jar (32 kB) | quarkus-http-http-core-3.1.1.Final.jar (39 kB) | quarkus-resteasy-common-deployment-1.13.7.Final.jar (22 kB) | quarkus-http-core-3.1.1.Final.jar (32/932 kB) | quarkus-http-servlet-3.1.1.Final.jar (2.7/498 kB)                                                                                                                                                                                                                                                                                                   Downloaded from central: https://repo.maven.apache.org/maven2/io/quarkus/quarkus-resteasy-common-deployment/1.13.7.Final/quarkus-resteasy-common-deployment-1.13.7.Final.jar (22 kB at 181 kB/s)
Downloading from central: https://repo.maven.apache.org/maven2/jakarta/servlet/jakarta.servlet-api/4.0.3/jakarta.servlet-api-4.0.3.jar
Progress (4): quarkus-resteasy-server-common-deployment-1.13.7.Final.jar (32 kB) | quarkus-http-http-core-3.1.1.Final.jar (39 kB) | quarkus-http-core-3.1.1.Final.jar (32/932 kB) | quarkus-http-servlet-3.1.1.Final.jar (5.5/498 kB)Progress (4): quarkus-resteasy-server-common-deployment-1.13.7.Final.jar (32 kB) | quarkus-http-http-core-3.1.1.Final.jar (39 kB) | quarkus-http-core-3.1.1.Final.jar (40/932 kB) | quarkus-http-servlet-3.1.1.Final.jar (5.5/498 kB)Progress (4): quarkus-resteasy-server-common-deployment-1.13.7.Final.jar (32 kB) | quarkus-http-http-core-3.1.1.Final.jar (39 kB) | quarkus-http-core-3.1.1.Final.jar (40/932 kB) | quarkus-http-servlet-3.1.1.Final.jar (8.2/498 kB)Progress (4): quarkus-resteasy-server-common-deployment-1.13.7.Final.jar (32 kB) | quarkus-http-http-core-3.1.1.Final.jar (39 kB) | quarkus-http-core-3.1.1.Final.jar (40/932 kB) | quarkus-http-servlet-3.1.1.Final.jar (11/498 kB) Progress (4): quarkus-resteasy-server-common-deployment-1.13.7.Final.jar (32 kB) | quarkus-http-http-core-3.1.1.Final.jar (39 kB) | quarkus-http-core-3.1.1.Final.jar (49/932 kB) | quarkus-http-servlet-3.1.1.Final.jar (11/498 kB)                                                                                                                                                                                                                                    Downloaded from central: https://repo.maven.apache.org/maven2/io/quarkus/quarkus-resteasy-server-common-deployment/1.13.7.Final/quarkus-resteasy-server-common-deployment-1.13.7.Final.jar (32 kB at 271 kB/s)
Downloading from central: https://repo.maven.apache.org/maven2/org/jboss/metadata/jboss-metadata-common/11.0.0.Final/jboss-metadata-common-11.0.0.Final.jar
Progress (3): quarkus-http-http-core-3.1.1.Final.jar (39 kB) | quarkus-http-core-3.1.1.Final.jar (49/932 kB) | quarkus-http-servlet-3.1.1.Final.jar (14/498 kB)Progress (3): quarkus-http-http-core-3.1.1.Final.jar (39 kB) | quarkus-http-core-3.1.1.Final.jar (49/932 kB) | quarkus-http-servlet-3.1.1.Final.jar (16/498 kB)Progress (3): quarkus-http-http-core-3.1.1.Final.jar (39 kB) | quarkus-http-core-3.1.1.Final.jar (57/932 kB) | quarkus-http-servlet-3.1.1.Final.jar (16/498 kB)Progress (3): quarkus-http-http-core-3.1.1.Final.jar (39 kB) | quarkus-http-core-3.1.1.Final.jar (57/932 kB) | quarkus-http-servlet-3.1.1.Final.jar (19/498 kB)                                                                                                                                                               Downloaded from central: https://repo.maven.apache.org/maven2/io/quarkus/http/quarkus-http-http-core/3.1.1.Final/quarkus-http-http-core-3.1.1.Final.jar (39 kB at 314 kB/s)
Downloading from central: https://repo.maven.apache.org/maven2/org/jboss/metadata/jboss-metadata-web/11.0.0.Final/jboss-metadata-web-11.0.0.Final.jar
Progress (2): quarkus-http-core-3.1.1.Final.jar (57/932 kB) | quarkus-http-servlet-3.1.1.Final.jar (21/498 kB)Progress (2): quarkus-http-core-3.1.1.Final.jar (65/932 kB) | quarkus-http-servlet-3.1.1.Final.jar (21/498 kB)Progress (3): quarkus-http-core-3.1.1.Final.jar (65/932 kB) | quarkus-http-servlet-3.1.1.Final.jar (21/498 kB) | jakarta.servlet-api-4.0.3.jar (2.7/83 kB)Progress (3): quarkus-http-core-3.1.1.Final.jar (65/932 kB) | quarkus-http-servlet-3.1.1.Final.jar (24/498 kB) | jakarta.servlet-api-4.0.3.jar (2.7/83 kB)Progress (3): quarkus-http-core-3.1.1.Final.jar (65/932 kB) | quarkus-http-servlet-3.1.1.Final.jar (24/498 kB) | jakarta.servlet-api-4.0.3.jar (5.5/83 kB)Progress (3): quarkus-http-core-3.1.1.Final.jar (65/932 kB) | quarkus-http-servlet-3.1.1.Final.jar (27/498 kB) | jakarta.servlet-api-4.0.3.jar (5.5/83 kB)Progress (3): quarkus-http-core-3.1.1.Final.jar (65/932 kB) | quarkus-http-servlet-3.1.1.Final.jar (27/498 kB) | jakarta.servlet-api-4.0.3.jar (8.2/83 kB)Progress (3): quarkus-http-core-3.1.1.Final.jar (65/932 kB) | quarkus-http-servlet-3.1.1.Final.jar (30/498 kB) | jakarta.servlet-api-4.0.3.jar (8.2/83 kB)Progress (3): quarkus-http-core-3.1.1.Final.jar (73/932 kB) | quarkus-http-servlet-3.1.1.Final.jar (30/498 kB) | jakarta.servlet-api-4.0.3.jar (8.2/83 kB)Progress (3): quarkus-http-core-3.1.1.Final.jar (73/932 kB) | quarkus-http-servlet-3.1.1.Final.jar (30/498 kB) | jakarta.servlet-api-4.0.3.jar (11/83 kB) Progress (3): quarkus-http-core-3.1.1.Final.jar (73/932 kB) | quarkus-http-servlet-3.1.1.Final.jar (32/498 kB) | jakarta.servlet-api-4.0.3.jar (11/83 kB)Progress (3): quarkus-http-core-3.1.1.Final.jar (73/932 kB) | quarkus-http-servlet-3.1.1.Final.jar (32/498 kB) | jakarta.servlet-api-4.0.3.jar (14/83 kB)Progress (4): quarkus-http-core-3.1.1.Final.jar (73/932 kB) | quarkus-http-servlet-3.1.1.Final.jar (32/498 kB) | jakarta.servlet-api-4.0.3.jar (14/83 kB) | jboss-metadata-common-11.0.0.Final.jar (2.7/475 kB)Progress (4): quarkus-http-core-3.1.1.Final.jar (73/932 kB) | quarkus-http-servlet-3.1.1.Final.jar (35/498 kB) | jakarta.servlet-api-4.0.3.jar (14/83 kB) | jboss-metadata-common-11.0.0.Final.jar (2.7/475 kB)Progress (4): quarkus-http-core-3.1.1.Final.jar (73/932 kB) | quarkus-http-servlet-3.1.1.Final.jar (35/498 kB) | jakarta.servlet-api-4.0.3.jar (16/83 kB) | jboss-metadata-common-11.0.0.Final.jar (2.7/475 kB)Progress (4): quarkus-http-core-3.1.1.Final.jar (73/932 kB) | quarkus-http-servlet-3.1.1.Final.jar (35/498 kB) | jakarta.servlet-api-4.0.3.jar (16/83 kB) | jboss-metadata-common-11.0.0.Final.jar (5.5/475 kB)Progress (4): quarkus-http-core-3.1.1.Final.jar (81/932 kB) | quarkus-http-servlet-3.1.1.Final.jar (35/498 kB) | jakarta.servlet-api-4.0.3.jar (16/83 kB) | jboss-metadata-common-11.0.0.Final.jar (5.5/475 kB)Progress (4): quarkus-http-core-3.1.1.Final.jar (81/932 kB) | quarkus-http-servlet-3.1.1.Final.jar (38/498 kB) | jakarta.servlet-api-4.0.3.jar (16/83 kB) | jboss-metadata-common-11.0.0.Final.jar (5.5/475 kB)Progress (4): quarkus-http-core-3.1.1.Final.jar (81/932 kB) | quarkus-http-servlet-3.1.1.Final.jar (38/498 kB) | jakarta.servlet-api-4.0.3.jar (19/83 kB) | jboss-metadata-common-11.0.0.Final.jar (5.5/475 kB)Progress (4): quarkus-http-core-3.1.1.Final.jar (81/932 kB) | quarkus-http-servlet-3.1.1.Final.jar (38/498 kB) | jakarta.servlet-api-4.0.3.jar (19/83 kB) | jboss-metadata-common-11.0.0.Final.jar (8.2/475 kB)Progress (4): quarkus-http-core-3.1.1.Final.jar (81/932 kB) | quarkus-http-servlet-3.1.1.Final.jar (40/498 kB) | jakarta.servlet-api-4.0.3.jar (19/83 kB) | jboss-metadata-common-11.0.0.Final.jar (8.2/475 kB)Progress (5): quarkus-http-core-3.1.1.Final.jar (81/932 kB) | quarkus-http-servlet-3.1.1.Final.jar (40/498 kB) | jakarta.servlet-api-4.0.3.jar (19/83 kB) | jboss-metadata-common-11.0.0.Final.jar (8.2/475 kB) | jboss-metadata-web-11.0.0.Final.jar (2.7/468 kB)Progress (5): quarkus-http-core-3.1.1.Final.jar (81/932 kB) | quarkus-http-servlet-3.1.1.Final.jar (40/498 kB) | jakarta.servlet-api-4.0.3.jar (21/83 kB) | jboss-metadata-common-11.0.0.Final.jar (8.2/475 kB) | jboss-metadata-web-11.0.0.Final.jar (2.7/468 kB)Progress (5): quarkus-http-core-3.1.1.Final.jar (81/932 kB) | quarkus-http-servlet-3.1.1.Final.jar (40/498 kB) | jakarta.servlet-api-4.0.3.jar (21/83 kB) | jboss-metadata-common-11.0.0.Final.jar (11/475 kB) | jboss-metadata-web-11.0.0.Final.jar (2.7/468 kB) Progress (5): quarkus-http-core-3.1.1.Final.jar (81/932 kB) | quarkus-http-servlet-3.1.1.Final.jar (43/498 kB) | jakarta.servlet-api-4.0.3.jar (21/83 kB) | jboss-metadata-common-11.0.0.Final.jar (11/475 kB) | jboss-metadata-web-11.0.0.Final.jar (2.7/468 kB)Progress (5): quarkus-http-core-3.1.1.Final.jar (81/932 kB) | quarkus-http-servlet-3.1.1.Final.jar (43/498 kB) | jakarta.servlet-api-4.0.3.jar (21/83 kB) | jboss-metadata-common-11.0.0.Final.jar (11/475 kB) | jboss-metadata-web-11.0.0.Final.jar (5.5/468 kB)Progress (5): quarkus-http-core-3.1.1.Final.jar (81/932 kB) | quarkus-http-servlet-3.1.1.Final.jar (43/498 kB) | jakarta.servlet-api-4.0.3.jar (24/83 kB) | jboss-metadata-common-11.0.0.Final.jar (11/475 kB) | jboss-metadata-web-11.0.0.Final.jar (5.5/468 kB)Progress (5): quarkus-http-core-3.1.1.Final.jar (81/932 kB) | quarkus-http-servlet-3.1.1.Final.jar (43/498 kB) | jakarta.servlet-api-4.0.3.jar (24/83 kB) | jboss-metadata-common-11.0.0.Final.jar (14/475 kB) | jboss-metadata-web-11.0.0.Final.jar (5.5/468 kB)Progress (5): quarkus-http-core-3.1.1.Final.jar (81/932 kB) | quarkus-http-servlet-3.1.1.Final.jar (46/498 kB) | jakarta.servlet-api-4.0.3.jar (24/83 kB) | jboss-metadata-common-11.0.0.Final.jar (14/475 kB) | jboss-metadata-web-11.0.0.Final.jar (5.5/468 kB)Progress (5): quarkus-http-core-3.1.1.Final.jar (81/932 kB) | quarkus-http-servlet-3.1.1.Final.jar (46/498 kB) | jakarta.servlet-api-4.0.3.jar (27/83 kB) | jboss-metadata-common-11.0.0.Final.jar (14/475 kB) | jboss-metadata-web-11.0.0.Final.jar (5.5/468 kB)Progress (5): quarkus-http-core-3.1.1.Final.jar (81/932 kB) | quarkus-http-servlet-3.1.1.Final.jar (46/498 kB) | jakarta.servlet-api-4.0.3.jar (27/83 kB) | jboss-metadata-common-11.0.0.Final.jar (14/475 kB) | jboss-metadata-web-11.0.0.Final.jar (8.2/468 kB)Progress (5): quarkus-http-core-3.1.1.Final.jar (81/932 kB) | quarkus-http-servlet-3.1.1.Final.jar (49/498 kB) | jakarta.servlet-api-4.0.3.jar (27/83 kB) | jboss-metadata-common-11.0.0.Final.jar (14/475 kB) | jboss-metadata-web-11.0.0.Final.jar (8.2/468 kB)Progress (5): quarkus-http-core-3.1.1.Final.jar (90/932 kB) | quarkus-http-servlet-3.1.1.Final.jar (49/498 kB) | jakarta.servlet-api-4.0.3.jar (27/83 kB) | jboss-metadata-common-11.0.0.Final.jar (14/475 kB) | jboss-metadata-web-11.0.0.Final.jar (8.2/468 kB)Progress (5): quarkus-http-core-3.1.1.Final.jar (90/932 kB) | quarkus-http-servlet-3.1.1.Final.jar (49/498 kB) | jakarta.servlet-api-4.0.3.jar (30/83 kB) | jboss-metadata-common-11.0.0.Final.jar (14/475 kB) | jboss-metadata-web-11.0.0.Final.jar (8.2/468 kB)Progress (5): quarkus-http-core-3.1.1.Final.jar (90/932 kB) | quarkus-http-servlet-3.1.1.Final.jar (49/498 kB) | jakarta.servlet-api-4.0.3.jar (32/83 kB) | jboss-metadata-common-11.0.0.Final.jar (14/475 kB) | jboss-metadata-web-11.0.0.Final.jar (8.2/468 kB)Progress (5): quarkus-http-core-3.1.1.Final.jar (90/932 kB) | quarkus-http-servlet-3.1.1.Final.jar (53/498 kB) | jakarta.servlet-api-4.0.3.jar (32/83 kB) | jboss-metadata-common-11.0.0.Final.jar (14/475 kB) | jboss-metadata-web-11.0.0.Final.jar (8.2/468 kB)Progress (5): quarkus-http-core-3.1.1.Final.jar (90/932 kB) | quarkus-http-servlet-3.1.1.Final.jar (53/498 kB) | jakarta.servlet-api-4.0.3.jar (32/83 kB) | jboss-metadata-common-11.0.0.Final.jar (16/475 kB) | jboss-metadata-web-11.0.0.Final.jar (8.2/468 kB)Progress (5): quarkus-http-core-3.1.1.Final.jar (98/932 kB) | quarkus-http-servlet-3.1.1.Final.jar (53/498 kB) | jakarta.servlet-api-4.0.3.jar (32/83 kB) | jboss-metadata-common-11.0.0.Final.jar (16/475 kB) | jboss-metadata-web-11.0.0.Final.jar (8.2/468 kB)Progress (5): quarkus-http-core-3.1.1.Final.jar (98/932 kB) | quarkus-http-servlet-3.1.1.Final.jar (53/498 kB) | jakarta.servlet-api-4.0.3.jar (32/83 kB) | jboss-metadata-common-11.0.0.Final.jar (16/475 kB) | jboss-metadata-web-11.0.0.Final.jar (11/468 kB) Progress (5): quarkus-http-core-3.1.1.Final.jar (98/932 kB) | quarkus-http-servlet-3.1.1.Final.jar (53/498 kB) | jakarta.servlet-api-4.0.3.jar (36/83 kB) | jboss-metadata-common-11.0.0.Final.jar (16/475 kB) | jboss-metadata-web-11.0.0.Final.jar (11/468 kB)Progress (5): quarkus-http-core-3.1.1.Final.jar (98/932 kB) | quarkus-http-servlet-3.1.1.Final.jar (57/498 kB) | jakarta.servlet-api-4.0.3.jar (36/83 kB) | jboss-metadata-common-11.0.0.Final.jar (16/475 kB) | jboss-metadata-web-11.0.0.Final.jar (11/468 kB)Progress (5): quarkus-http-core-3.1.1.Final.jar (98/932 kB) | quarkus-http-servlet-3.1.1.Final.jar (57/498 kB) | jakarta.servlet-api-4.0.3.jar (36/83 kB) | jboss-metadata-common-11.0.0.Final.jar (16/475 kB) | jboss-metadata-web-11.0.0.Final.jar (14/468 kB)Progress (5): quarkus-http-core-3.1.1.Final.jar (98/932 kB) | quarkus-http-servlet-3.1.1.Final.jar (57/498 kB) | jakarta.servlet-api-4.0.3.jar (40/83 kB) | jboss-metadata-common-11.0.0.Final.jar (16/475 kB) | jboss-metadata-web-11.0.0.Final.jar (14/468 kB)Progress (5): quarkus-http-core-3.1.1.Final.jar (98/932 kB) | quarkus-http-servlet-3.1.1.Final.jar (61/498 kB) | jakarta.servlet-api-4.0.3.jar (40/83 kB) | jboss-metadata-common-11.0.0.Final.jar (16/475 kB) | jboss-metadata-web-11.0.0.Final.jar (14/468 kB)Progress (5): quarkus-http-core-3.1.1.Final.jar (98/932 kB) | quarkus-http-servlet-3.1.1.Final.jar (61/498 kB) | jakarta.servlet-api-4.0.3.jar (40/83 kB) | jboss-metadata-common-11.0.0.Final.jar (20/475 kB) | jboss-metadata-web-11.0.0.Final.jar (14/468 kB)Progress (5): quarkus-http-core-3.1.1.Final.jar (98/932 kB) | quarkus-http-servlet-3.1.1.Final.jar (61/498 kB) | jakarta.servlet-api-4.0.3.jar (40/83 kB) | jboss-metadata-common-11.0.0.Final.jar (20/475 kB) | jboss-metadata-web-11.0.0.Final.jar (16/468 kB)Progress (5): quarkus-http-core-3.1.1.Final.jar (98/932 kB) | quarkus-http-servlet-3.1.1.Final.jar (61/498 kB) | jakarta.servlet-api-4.0.3.jar (45/83 kB) | jboss-metadata-common-11.0.0.Final.jar (20/475 kB) | jboss-metadata-web-11.0.0.Final.jar (16/468 kB)Progress (5): quarkus-http-core-3.1.1.Final.jar (98/932 kB) | quarkus-http-servlet-3.1.1.Final.jar (65/498 kB) | jakarta.servlet-api-4.0.3.jar (45/83 kB) | jboss-metadata-common-11.0.0.Final.jar (20/475 kB) | jboss-metadata-web-11.0.0.Final.jar (16/468 kB)Progress (5): quarkus-http-core-3.1.1.Final.jar (106/932 kB) | quarkus-http-servlet-3.1.1.Final.jar (65/498 kB) | jakarta.servlet-api-4.0.3.jar (45/83 kB) | jboss-metadata-common-11.0.0.Final.jar (20/475 kB) | jboss-metadata-web-11.0.0.Final.jar (16/468 kB)Progress (5): quarkus-http-core-3.1.1.Final.jar (106/932 kB) | quarkus-http-servlet-3.1.1.Final.jar (65/498 kB) | jakarta.servlet-api-4.0.3.jar (45/83 kB) | jboss-metadata-common-11.0.0.Final.jar (20/475 kB) | jboss-metadata-web-11.0.0.Final.jar (20/468 kB)Progress (5): quarkus-http-core-3.1.1.Final.jar (106/932 kB) | quarkus-http-servlet-3.1.1.Final.jar (65/498 kB) | jakarta.servlet-api-4.0.3.jar (49/83 kB) | jboss-metadata-common-11.0.0.Final.jar (20/475 kB) | jboss-metadata-web-11.0.0.Final.jar (20/468 kB)Progress (5): quarkus-http-core-3.1.1.Final.jar (106/932 kB) | quarkus-http-servlet-3.1.1.Final.jar (65/498 kB) | jakarta.servlet-api-4.0.3.jar (49/83 kB) | jboss-metadata-common-11.0.0.Final.jar (24/475 kB) | jboss-metadata-web-11.0.0.Final.jar (20/468 kB)Progress (5): quarkus-http-core-3.1.1.Final.jar (106/932 kB) | quarkus-http-servlet-3.1.1.Final.jar (69/498 kB) | jakarta.servlet-api-4.0.3.jar (49/83 kB) | jboss-metadata-common-11.0.0.Final.jar (24/475 kB) | jboss-metadata-web-11.0.0.Final.jar (20/468 kB)Progress (5): quarkus-http-core-3.1.1.Final.jar (106/932 kB) | quarkus-http-servlet-3.1.1.Final.jar (69/498 kB) | jakarta.servlet-api-4.0.3.jar (49/83 kB) | jboss-metadata-common-11.0.0.Final.jar (24/475 kB) | jboss-metadata-web-11.0.0.Final.jar (24/468 kB)Progress (5): quarkus-http-core-3.1.1.Final.jar (106/932 kB) | quarkus-http-servlet-3.1.1.Final.jar (69/498 kB) | jakarta.servlet-api-4.0.3.jar (53/83 kB) | jboss-metadata-common-11.0.0.Final.jar (24/475 kB) | jboss-metadata-web-11.0.0.Final.jar (24/468 kB)Progress (5): quarkus-http-core-3.1.1.Final.jar (106/932 kB) | quarkus-http-servlet-3.1.1.Final.jar (73/498 kB) | jakarta.servlet-api-4.0.3.jar (53/83 kB) | jboss-metadata-common-11.0.0.Final.jar (24/475 kB) | jboss-metadata-web-11.0.0.Final.jar (24/468 kB)Progress (5): quarkus-http-core-3.1.1.Final.jar (106/932 kB) | quarkus-http-servlet-3.1.1.Final.jar (73/498 kB) | jakarta.servlet-api-4.0.3.jar (53/83 kB) | jboss-metadata-common-11.0.0.Final.jar (28/475 kB) | jboss-metadata-web-11.0.0.Final.jar (24/468 kB)Progress (5): quarkus-http-core-3.1.1.Final.jar (106/932 kB) | quarkus-http-servlet-3.1.1.Final.jar (73/498 kB) | jakarta.servlet-api-4.0.3.jar (57/83 kB) | jboss-metadata-common-11.0.0.Final.jar (28/475 kB) | jboss-metadata-web-11.0.0.Final.jar (24/468 kB)Progress (5): quarkus-http-core-3.1.1.Final.jar (106/932 kB) | quarkus-http-servlet-3.1.1.Final.jar (77/498 kB) | jakarta.servlet-api-4.0.3.jar (57/83 kB) | jboss-metadata-common-11.0.0.Final.jar (28/475 kB) | jboss-metadata-web-11.0.0.Final.jar (24/468 kB)Progress (5): quarkus-http-core-3.1.1.Final.jar (114/932 kB) | quarkus-http-servlet-3.1.1.Final.jar (77/498 kB) | jakarta.servlet-api-4.0.3.jar (57/83 kB) | jboss-metadata-common-11.0.0.Final.jar (28/475 kB) | jboss-metadata-web-11.0.0.Final.jar (24/468 kB)Progress (5): quarkus-http-core-3.1.1.Final.jar (114/932 kB) | quarkus-http-servlet-3.1.1.Final.jar (77/498 kB) | jakarta.servlet-api-4.0.3.jar (61/83 kB) | jboss-metadata-common-11.0.0.Final.jar (28/475 kB) | jboss-metadata-web-11.0.0.Final.jar (24/468 kB)Progress (5): quarkus-http-core-3.1.1.Final.jar (114/932 kB) | quarkus-http-servlet-3.1.1.Final.jar (77/498 kB) | jakarta.servlet-api-4.0.3.jar (61/83 kB) | jboss-metadata-common-11.0.0.Final.jar (28/475 kB) | jboss-metadata-web-11.0.0.Final.jar (28/468 kB)Progress (5): quarkus-http-core-3.1.1.Final.jar (114/932 kB) | quarkus-http-servlet-3.1.1.Final.jar (77/498 kB) | jakarta.servlet-api-4.0.3.jar (61/83 kB) | jboss-metadata-common-11.0.0.Final.jar (32/475 kB) | jboss-metadata-web-11.0.0.Final.jar (28/468 kB)Progress (5): quarkus-http-core-3.1.1.Final.jar (114/932 kB) | quarkus-http-servlet-3.1.1.Final.jar (81/498 kB) | jakarta.servlet-api-4.0.3.jar (61/83 kB) | jboss-metadata-common-11.0.0.Final.jar (32/475 kB) | jboss-metadata-web-11.0.0.Final.jar (28/468 kB)Progress (5): quarkus-http-core-3.1.1.Final.jar (114/932 kB) | quarkus-http-servlet-3.1.1.Final.jar (81/498 kB) | jakarta.servlet-api-4.0.3.jar (65/83 kB) | jboss-metadata-common-11.0.0.Final.jar (32/475 kB) | jboss-metadata-web-11.0.0.Final.jar (28/468 kB)Progress (5): quarkus-http-core-3.1.1.Final.jar (114/932 kB) | quarkus-http-servlet-3.1.1.Final.jar (81/498 kB) | jakarta.servlet-api-4.0.3.jar (65/83 kB) | jboss-metadata-common-11.0.0.Final.jar (32/475 kB) | jboss-metadata-web-11.0.0.Final.jar (32/468 kB)Progress (5): quarkus-http-core-3.1.1.Final.jar (114/932 kB) | quarkus-http-servlet-3.1.1.Final.jar (86/498 kB) | jakarta.servlet-api-4.0.3.jar (65/83 kB) | jboss-metadata-common-11.0.0.Final.jar (32/475 kB) | jboss-metadata-web-11.0.0.Final.jar (32/468 kB)Progress (5): quarkus-http-core-3.1.1.Final.jar (114/932 kB) | quarkus-http-servlet-3.1.1.Final.jar (86/498 kB) | jakarta.servlet-api-4.0.3.jar (65/83 kB) | jboss-metadata-common-11.0.0.Final.jar (36/475 kB) | jboss-metadata-web-11.0.0.Final.jar (32/468 kB)Progress (5): quarkus-http-core-3.1.1.Final.jar (114/932 kB) | quarkus-http-servlet-3.1.1.Final.jar (86/498 kB) | jakarta.servlet-api-4.0.3.jar (69/83 kB) | jboss-metadata-common-11.0.0.Final.jar (36/475 kB) | jboss-metadata-web-11.0.0.Final.jar (32/468 kB)Progress (5): quarkus-http-core-3.1.1.Final.jar (114/932 kB) | quarkus-http-servlet-3.1.1.Final.jar (86/498 kB) | jakarta.servlet-api-4.0.3.jar (69/83 kB) | jboss-metadata-common-11.0.0.Final.jar (36/475 kB) | jboss-metadata-web-11.0.0.Final.jar (36/468 kB)Progress (5): quarkus-http-core-3.1.1.Final.jar (114/932 kB) | quarkus-http-servlet-3.1.1.Final.jar (90/498 kB) | jakarta.servlet-api-4.0.3.jar (69/83 kB) | jboss-metadata-common-11.0.0.Final.jar (36/475 kB) | jboss-metadata-web-11.0.0.Final.jar (36/468 kB)Progress (5): quarkus-http-core-3.1.1.Final.jar (114/932 kB) | quarkus-http-servlet-3.1.1.Final.jar (90/498 kB) | jakarta.servlet-api-4.0.3.jar (73/83 kB) | jboss-metadata-common-11.0.0.Final.jar (36/475 kB) | jboss-metadata-web-11.0.0.Final.jar (36/468 kB)Progress (5): quarkus-http-core-3.1.1.Final.jar (122/932 kB) | quarkus-http-servlet-3.1.1.Final.jar (90/498 kB) | jakarta.servlet-api-4.0.3.jar (73/83 kB) | jboss-metadata-common-11.0.0.Final.jar (36/475 kB) | jboss-metadata-web-11.0.0.Final.jar (36/468 kB)Progress (5): quarkus-http-core-3.1.1.Final.jar (122/932 kB) | quarkus-http-servlet-3.1.1.Final.jar (90/498 kB) | jakarta.servlet-api-4.0.3.jar (73/83 kB) | jboss-metadata-common-11.0.0.Final.jar (36/475 kB) | jboss-metadata-web-11.0.0.Final.jar (40/468 kB)Progress (5): quarkus-http-core-3.1.1.Final.jar (122/932 kB) | quarkus-http-servlet-3.1.1.Final.jar (94/498 kB) | jakarta.servlet-api-4.0.3.jar (73/83 kB) | jboss-metadata-common-11.0.0.Final.jar (36/475 kB) | jboss-metadata-web-11.0.0.Final.jar (40/468 kB)Progress (5): quarkus-http-core-3.1.1.Final.jar (122/932 kB) | quarkus-http-servlet-3.1.1.Final.jar (94/498 kB) | jakarta.servlet-api-4.0.3.jar (73/83 kB) | jboss-metadata-common-11.0.0.Final.jar (40/475 kB) | jboss-metadata-web-11.0.0.Final.jar (40/468 kB)Progress (5): quarkus-http-core-3.1.1.Final.jar (122/932 kB) | quarkus-http-servlet-3.1.1.Final.jar (94/498 kB) | jakarta.servlet-api-4.0.3.jar (77/83 kB) | jboss-metadata-common-11.0.0.Final.jar (40/475 kB) | jboss-metadata-web-11.0.0.Final.jar (40/468 kB)Progress (5): quarkus-http-core-3.1.1.Final.jar (122/932 kB) | quarkus-http-servlet-3.1.1.Final.jar (94/498 kB) | jakarta.servlet-api-4.0.3.jar (77/83 kB) | jboss-metadata-common-11.0.0.Final.jar (40/475 kB) | jboss-metadata-web-11.0.0.Final.jar (45/468 kB)Progress (5): quarkus-http-core-3.1.1.Final.jar (122/932 kB) | quarkus-http-servlet-3.1.1.Final.jar (98/498 kB) | jakarta.servlet-api-4.0.3.jar (77/83 kB) | jboss-metadata-common-11.0.0.Final.jar (40/475 kB) | jboss-metadata-web-11.0.0.Final.jar (45/468 kB)Progress (5): quarkus-http-core-3.1.1.Final.jar (122/932 kB) | quarkus-http-servlet-3.1.1.Final.jar (98/498 kB) | jakarta.servlet-api-4.0.3.jar (81/83 kB) | jboss-metadata-common-11.0.0.Final.jar (40/475 kB) | jboss-metadata-web-11.0.0.Final.jar (45/468 kB)Progress (5): quarkus-http-core-3.1.1.Final.jar (122/932 kB) | quarkus-http-servlet-3.1.1.Final.jar (98/498 kB) | jakarta.servlet-api-4.0.3.jar (81/83 kB) | jboss-metadata-common-11.0.0.Final.jar (45/475 kB) | jboss-metadata-web-11.0.0.Final.jar (45/468 kB)Progress (5): quarkus-http-core-3.1.1.Final.jar (122/932 kB) | quarkus-http-servlet-3.1.1.Final.jar (98/498 kB) | jakarta.servlet-api-4.0.3.jar (83 kB) | jboss-metadata-common-11.0.0.Final.jar (45/475 kB) | jboss-metadata-web-11.0.0.Final.jar (45/468 kB)   Progress (5): quarkus-http-core-3.1.1.Final.jar (122/932 kB) | quarkus-http-servlet-3.1.1.Final.jar (98/498 kB) | jakarta.servlet-api-4.0.3.jar (83 kB) | jboss-metadata-common-11.0.0.Final.jar (45/475 kB) | jboss-metadata-web-11.0.0.Final.jar (49/468 kB)Progress (5): quarkus-http-core-3.1.1.Final.jar (122/932 kB) | quarkus-http-servlet-3.1.1.Final.jar (102/498 kB) | jakarta.servlet-api-4.0.3.jar (83 kB) | jboss-metadata-common-11.0.0.Final.jar (45/475 kB) | jboss-metadata-web-11.0.0.Final.jar (49/468 kB)Progress (5): quarkus-http-core-3.1.1.Final.jar (131/932 kB) | quarkus-http-servlet-3.1.1.Final.jar (102/498 kB) | jakarta.servlet-api-4.0.3.jar (83 kB) | jboss-metadata-common-11.0.0.Final.jar (45/475 kB) | jboss-metadata-web-11.0.0.Final.jar (49/468 kB)Progress (5): quarkus-http-core-3.1.1.Final.jar (131/932 kB) | quarkus-http-servlet-3.1.1.Final.jar (102/498 kB) | jakarta.servlet-api-4.0.3.jar (83 kB) | jboss-metadata-common-11.0.0.Final.jar (49/475 kB) | jboss-metadata-web-11.0.0.Final.jar (49/468 kB)Progress (5): quarkus-http-core-3.1.1.Final.jar (131/932 kB) | quarkus-http-servlet-3.1.1.Final.jar (106/498 kB) | jakarta.servlet-api-4.0.3.jar (83 kB) | jboss-metadata-common-11.0.0.Final.jar (49/475 kB) | jboss-metadata-web-11.0.0.Final.jar (49/468 kB)Progress (5): quarkus-http-core-3.1.1.Final.jar (131/932 kB) | quarkus-http-servlet-3.1.1.Final.jar (106/498 kB) | jakarta.servlet-api-4.0.3.jar (83 kB) | jboss-metadata-common-11.0.0.Final.jar (49/475 kB) | jboss-metadata-web-11.0.0.Final.jar (53/468 kB)Progress (5): quarkus-http-core-3.1.1.Final.jar (131/932 kB) | quarkus-http-servlet-3.1.1.Final.jar (110/498 kB) | jakarta.servlet-api-4.0.3.jar (83 kB) | jboss-metadata-common-11.0.0.Final.jar (49/475 kB) | jboss-metadata-web-11.0.0.Final.jar (53/468 kB)Progress (5): quarkus-http-core-3.1.1.Final.jar (131/932 kB) | quarkus-http-servlet-3.1.1.Final.jar (110/498 kB) | jakarta.servlet-api-4.0.3.jar (83 kB) | jboss-metadata-common-11.0.0.Final.jar (49/475 kB) | jboss-metadata-web-11.0.0.Final.jar (57/468 kB)Progress (5): quarkus-http-core-3.1.1.Final.jar (131/932 kB) | quarkus-http-servlet-3.1.1.Final.jar (114/498 kB) | jakarta.servlet-api-4.0.3.jar (83 kB) | jboss-metadata-common-11.0.0.Final.jar (49/475 kB) | jboss-metadata-web-11.0.0.Final.jar (57/468 kB)Progress (5): quarkus-http-core-3.1.1.Final.jar (131/932 kB) | quarkus-http-servlet-3.1.1.Final.jar (114/498 kB) | jakarta.servlet-api-4.0.3.jar (83 kB) | jboss-metadata-common-11.0.0.Final.jar (53/475 kB) | jboss-metadata-web-11.0.0.Final.jar (57/468 kB)Progress (5): quarkus-http-core-3.1.1.Final.jar (131/932 kB) | quarkus-http-servlet-3.1.1.Final.jar (114/498 kB) | jakarta.servlet-api-4.0.3.jar (83 kB) | jboss-metadata-common-11.0.0.Final.jar (53/475 kB) | jboss-metadata-web-11.0.0.Final.jar (61/468 kB)                                                                                                                                                                                                                                                               Downloaded from central: https://repo.maven.apache.org/maven2/jakarta/servlet/jakarta.servlet-api/4.0.3/jakarta.servlet-api-4.0.3.jar (83 kB at 280 kB/s)
Progress (4): quarkus-http-core-3.1.1.Final.jar (131/932 kB) | quarkus-http-servlet-3.1.1.Final.jar (114/498 kB) | jboss-metadata-common-11.0.0.Final.jar (53/475 kB) | jboss-metadata-web-11.0.0.Final.jar (65/468 kB)Progress (4): quarkus-http-core-3.1.1.Final.jar (131/932 kB) | quarkus-http-servlet-3.1.1.Final.jar (118/498 kB) | jboss-metadata-common-11.0.0.Final.jar (53/475 kB) | jboss-metadata-web-11.0.0.Final.jar (65/468 kB)Progress (4): quarkus-http-core-3.1.1.Final.jar (139/932 kB) | quarkus-http-servlet-3.1.1.Final.jar (118/498 kB) | jboss-metadata-common-11.0.0.Final.jar (53/475 kB) | jboss-metadata-web-11.0.0.Final.jar (65/468 kB)Progress (4): quarkus-http-core-3.1.1.Final.jar (139/932 kB) | quarkus-http-servlet-3.1.1.Final.jar (118/498 kB) | jboss-metadata-common-11.0.0.Final.jar (57/475 kB) | jboss-metadata-web-11.0.0.Final.jar (65/468 kB)                                                                                                                                                                                                                       Downloading from central: https://repo.maven.apache.org/maven2/io/quarkus/quarkus-undertow-spi/1.13.7.Final/quarkus-undertow-spi-1.13.7.Final.jar
Progress (4): quarkus-http-core-3.1.1.Final.jar (139/932 kB) | quarkus-http-servlet-3.1.1.Final.jar (122/498 kB) | jboss-metadata-common-11.0.0.Final.jar (57/475 kB) | jboss-metadata-web-11.0.0.Final.jar (65/468 kB)Progress (4): quarkus-http-core-3.1.1.Final.jar (139/932 kB) | quarkus-http-servlet-3.1.1.Final.jar (122/498 kB) | jboss-metadata-common-11.0.0.Final.jar (57/475 kB) | jboss-metadata-web-11.0.0.Final.jar (69/468 kB)Progress (4): quarkus-http-core-3.1.1.Final.jar (139/932 kB) | quarkus-http-servlet-3.1.1.Final.jar (122/498 kB) | jboss-metadata-common-11.0.0.Final.jar (61/475 kB) | jboss-metadata-web-11.0.0.Final.jar (69/468 kB)Progress (4): quarkus-http-core-3.1.1.Final.jar (139/932 kB) | quarkus-http-servlet-3.1.1.Final.jar (126/498 kB) | jboss-metadata-common-11.0.0.Final.jar (61/475 kB) | jboss-metadata-web-11.0.0.Final.jar (69/468 kB)Progress (4): quarkus-http-core-3.1.1.Final.jar (139/932 kB) | quarkus-http-servlet-3.1.1.Final.jar (126/498 kB) | jboss-metadata-common-11.0.0.Final.jar (61/475 kB) | jboss-metadata-web-11.0.0.Final.jar (73/468 kB)Progress (4): quarkus-http-core-3.1.1.Final.jar (139/932 kB) | quarkus-http-servlet-3.1.1.Final.jar (131/498 kB) | jboss-metadata-common-11.0.0.Final.jar (61/475 kB) | jboss-metadata-web-11.0.0.Final.jar (73/468 kB)Progress (4): quarkus-http-core-3.1.1.Final.jar (139/932 kB) | quarkus-http-servlet-3.1.1.Final.jar (131/498 kB) | jboss-metadata-common-11.0.0.Final.jar (65/475 kB) | jboss-metadata-web-11.0.0.Final.jar (73/468 kB)Progress (4): quarkus-http-core-3.1.1.Final.jar (139/932 kB) | quarkus-http-servlet-3.1.1.Final.jar (131/498 kB) | jboss-metadata-common-11.0.0.Final.jar (65/475 kB) | jboss-metadata-web-11.0.0.Final.jar (77/468 kB)Progress (4): quarkus-http-core-3.1.1.Final.jar (147/932 kB) | quarkus-http-servlet-3.1.1.Final.jar (131/498 kB) | jboss-metadata-common-11.0.0.Final.jar (65/475 kB) | jboss-metadata-web-11.0.0.Final.jar (77/468 kB)Progress (4): quarkus-http-core-3.1.1.Final.jar (147/932 kB) | quarkus-http-servlet-3.1.1.Final.jar (131/498 kB) | jboss-metadata-common-11.0.0.Final.jar (65/475 kB) | jboss-metadata-web-11.0.0.Final.jar (81/468 kB)Progress (4): quarkus-http-core-3.1.1.Final.jar (147/932 kB) | quarkus-http-servlet-3.1.1.Final.jar (135/498 kB) | jboss-metadata-common-11.0.0.Final.jar (65/475 kB) | jboss-metadata-web-11.0.0.Final.jar (81/468 kB)Progress (4): quarkus-http-core-3.1.1.Final.jar (147/932 kB) | quarkus-http-servlet-3.1.1.Final.jar (135/498 kB) | jboss-metadata-common-11.0.0.Final.jar (69/475 kB) | jboss-metadata-web-11.0.0.Final.jar (81/468 kB)Progress (4): quarkus-http-core-3.1.1.Final.jar (147/932 kB) | quarkus-http-servlet-3.1.1.Final.jar (139/498 kB) | jboss-metadata-common-11.0.0.Final.jar (69/475 kB) | jboss-metadata-web-11.0.0.Final.jar (81/468 kB)Progress (4): quarkus-http-core-3.1.1.Final.jar (147/932 kB) | quarkus-http-servlet-3.1.1.Final.jar (139/498 kB) | jboss-metadata-common-11.0.0.Final.jar (69/475 kB) | jboss-metadata-web-11.0.0.Final.jar (86/468 kB)Progress (5): quarkus-http-core-3.1.1.Final.jar (147/932 kB) | quarkus-http-servlet-3.1.1.Final.jar (139/498 kB) | jboss-metadata-common-11.0.0.Final.jar (69/475 kB) | jboss-metadata-web-11.0.0.Final.jar (86/468 kB) | quarkus-undertow-spi-1.13.7.Final.jar (4.1/24 kB)Progress (5): quarkus-http-core-3.1.1.Final.jar (147/932 kB) | quarkus-http-servlet-3.1.1.Final.jar (143/498 kB) | jboss-metadata-common-11.0.0.Final.jar (69/475 kB) | jboss-metadata-web-11.0.0.Final.jar (86/468 kB) | quarkus-undertow-spi-1.13.7.Final.jar (4.1/24 kB)Progress (5): quarkus-http-core-3.1.1.Final.jar (147/932 kB) | quarkus-http-servlet-3.1.1.Final.jar (143/498 kB) | jboss-metadata-common-11.0.0.Final.jar (69/475 kB) | jboss-metadata-web-11.0.0.Final.jar (90/468 kB) | quarkus-undertow-spi-1.13.7.Final.jar (4.1/24 kB)Progress (5): quarkus-http-core-3.1.1.Final.jar (147/932 kB) | quarkus-http-servlet-3.1.1.Final.jar (143/498 kB) | jboss-metadata-common-11.0.0.Final.jar (73/475 kB) | jboss-metadata-web-11.0.0.Final.jar (90/468 kB) | quarkus-undertow-spi-1.13.7.Final.jar (4.1/24 kB)Progress (5): quarkus-http-core-3.1.1.Final.jar (155/932 kB) | quarkus-http-servlet-3.1.1.Final.jar (143/498 kB) | jboss-metadata-common-11.0.0.Final.jar (73/475 kB) | jboss-metadata-web-11.0.0.Final.jar (90/468 kB) | quarkus-undertow-spi-1.13.7.Final.jar (4.1/24 kB)Progress (5): quarkus-http-core-3.1.1.Final.jar (155/932 kB) | quarkus-http-servlet-3.1.1.Final.jar (143/498 kB) | jboss-metadata-common-11.0.0.Final.jar (73/475 kB) | jboss-metadata-web-11.0.0.Final.jar (90/468 kB) | quarkus-undertow-spi-1.13.7.Final.jar (8.2/24 kB)Progress (5): quarkus-http-core-3.1.1.Final.jar (155/932 kB) | quarkus-http-servlet-3.1.1.Final.jar (147/498 kB) | jboss-metadata-common-11.0.0.Final.jar (73/475 kB) | jboss-metadata-web-11.0.0.Final.jar (90/468 kB) | quarkus-undertow-spi-1.13.7.Final.jar (8.2/24 kB)Progress (5): quarkus-http-core-3.1.1.Final.jar (155/932 kB) | quarkus-http-servlet-3.1.1.Final.jar (147/498 kB) | jboss-metadata-common-11.0.0.Final.jar (73/475 kB) | jboss-metadata-web-11.0.0.Final.jar (94/468 kB) | quarkus-undertow-spi-1.13.7.Final.jar (8.2/24 kB)Progress (5): quarkus-http-core-3.1.1.Final.jar (155/932 kB) | quarkus-http-servlet-3.1.1.Final.jar (147/498 kB) | jboss-metadata-common-11.0.0.Final.jar (77/475 kB) | jboss-metadata-web-11.0.0.Final.jar (94/468 kB) | quarkus-undertow-spi-1.13.7.Final.jar (8.2/24 kB)Progress (5): quarkus-http-core-3.1.1.Final.jar (155/932 kB) | quarkus-http-servlet-3.1.1.Final.jar (147/498 kB) | jboss-metadata-common-11.0.0.Final.jar (77/475 kB) | jboss-metadata-web-11.0.0.Final.jar (94/468 kB) | quarkus-undertow-spi-1.13.7.Final.jar (12/24 kB) Progress (5): quarkus-http-core-3.1.1.Final.jar (155/932 kB) | quarkus-http-servlet-3.1.1.Final.jar (147/498 kB) | jboss-metadata-common-11.0.0.Final.jar (77/475 kB) | jboss-metadata-web-11.0.0.Final.jar (98/468 kB) | quarkus-undertow-spi-1.13.7.Final.jar (12/24 kB)Progress (5): quarkus-http-core-3.1.1.Final.jar (155/932 kB) | quarkus-http-servlet-3.1.1.Final.jar (151/498 kB) | jboss-metadata-common-11.0.0.Final.jar (77/475 kB) | jboss-metadata-web-11.0.0.Final.jar (98/468 kB) | quarkus-undertow-spi-1.13.7.Final.jar (12/24 kB)Progress (5): quarkus-http-core-3.1.1.Final.jar (155/932 kB) | quarkus-http-servlet-3.1.1.Final.jar (151/498 kB) | jboss-metadata-common-11.0.0.Final.jar (81/475 kB) | jboss-metadata-web-11.0.0.Final.jar (98/468 kB) | quarkus-undertow-spi-1.13.7.Final.jar (12/24 kB)Progress (5): quarkus-http-core-3.1.1.Final.jar (155/932 kB) | quarkus-http-servlet-3.1.1.Final.jar (151/498 kB) | jboss-metadata-common-11.0.0.Final.jar (81/475 kB) | jboss-metadata-web-11.0.0.Final.jar (98/468 kB) | quarkus-undertow-spi-1.13.7.Final.jar (16/24 kB)Progress (5): quarkus-http-core-3.1.1.Final.jar (155/932 kB) | quarkus-http-servlet-3.1.1.Final.jar (155/498 kB) | jboss-metadata-common-11.0.0.Final.jar (81/475 kB) | jboss-metadata-web-11.0.0.Final.jar (98/468 kB) | quarkus-undertow-spi-1.13.7.Final.jar (16/24 kB)Progress (5): quarkus-http-core-3.1.1.Final.jar (155/932 kB) | quarkus-http-servlet-3.1.1.Final.jar (155/498 kB) | jboss-metadata-common-11.0.0.Final.jar (81/475 kB) | jboss-metadata-web-11.0.0.Final.jar (102/468 kB) | quarkus-undertow-spi-1.13.7.Final.jar (16/24 kB)Progress (5): quarkus-http-core-3.1.1.Final.jar (163/932 kB) | quarkus-http-servlet-3.1.1.Final.jar (155/498 kB) | jboss-metadata-common-11.0.0.Final.jar (81/475 kB) | jboss-metadata-web-11.0.0.Final.jar (102/468 kB) | quarkus-undertow-spi-1.13.7.Final.jar (16/24 kB)Progress (5): quarkus-http-core-3.1.1.Final.jar (163/932 kB) | quarkus-http-servlet-3.1.1.Final.jar (155/498 kB) | jboss-metadata-common-11.0.0.Final.jar (81/475 kB) | jboss-metadata-web-11.0.0.Final.jar (102/468 kB) | quarkus-undertow-spi-1.13.7.Final.jar (20/24 kB)Progress (5): quarkus-http-core-3.1.1.Final.jar (163/932 kB) | quarkus-http-servlet-3.1.1.Final.jar (159/498 kB) | jboss-metadata-common-11.0.0.Final.jar (81/475 kB) | jboss-metadata-web-11.0.0.Final.jar (102/468 kB) | quarkus-undertow-spi-1.13.7.Final.jar (20/24 kB)Progress (5): quarkus-http-core-3.1.1.Final.jar (163/932 kB) | quarkus-http-servlet-3.1.1.Final.jar (159/498 kB) | jboss-metadata-common-11.0.0.Final.jar (81/475 kB) | jboss-metadata-web-11.0.0.Final.jar (106/468 kB) | quarkus-undertow-spi-1.13.7.Final.jar (20/24 kB)Progress (5): quarkus-http-core-3.1.1.Final.jar (163/932 kB) | quarkus-http-servlet-3.1.1.Final.jar (159/498 kB) | jboss-metadata-common-11.0.0.Final.jar (86/475 kB) | jboss-metadata-web-11.0.0.Final.jar (106/468 kB) | quarkus-undertow-spi-1.13.7.Final.jar (20/24 kB)Progress (5): quarkus-http-core-3.1.1.Final.jar (163/932 kB) | quarkus-http-servlet-3.1.1.Final.jar (159/498 kB) | jboss-metadata-common-11.0.0.Final.jar (86/475 kB) | jboss-metadata-web-11.0.0.Final.jar (106/468 kB) | quarkus-undertow-spi-1.13.7.Final.jar (24/24 kB)Progress (5): quarkus-http-core-3.1.1.Final.jar (163/932 kB) | quarkus-http-servlet-3.1.1.Final.jar (159/498 kB) | jboss-metadata-common-11.0.0.Final.jar (86/475 kB) | jboss-metadata-web-11.0.0.Final.jar (106/468 kB) | quarkus-undertow-spi-1.13.7.Final.jar (24 kB)   Progress (5): quarkus-http-core-3.1.1.Final.jar (163/932 kB) | quarkus-http-servlet-3.1.1.Final.jar (163/498 kB) | jboss-metadata-common-11.0.0.Final.jar (86/475 kB) | jboss-metadata-web-11.0.0.Final.jar (106/468 kB) | quarkus-undertow-spi-1.13.7.Final.jar (24 kB)Progress (5): quarkus-http-core-3.1.1.Final.jar (163/932 kB) | quarkus-http-servlet-3.1.1.Final.jar (163/498 kB) | jboss-metadata-common-11.0.0.Final.jar (90/475 kB) | jboss-metadata-web-11.0.0.Final.jar (106/468 kB) | quarkus-undertow-spi-1.13.7.Final.jar (24 kB)Progress (5): quarkus-http-core-3.1.1.Final.jar (172/932 kB) | quarkus-http-servlet-3.1.1.Final.jar (163/498 kB) | jboss-metadata-common-11.0.0.Final.jar (90/475 kB) | jboss-metadata-web-11.0.0.Final.jar (106/468 kB) | quarkus-undertow-spi-1.13.7.Final.jar (24 kB)Progress (5): quarkus-http-core-3.1.1.Final.jar (172/932 kB) | quarkus-http-servlet-3.1.1.Final.jar (163/498 kB) | jboss-metadata-common-11.0.0.Final.jar (94/475 kB) | jboss-metadata-web-11.0.0.Final.jar (106/468 kB) | quarkus-undertow-spi-1.13.7.Final.jar (24 kB)Progress (5): quarkus-http-core-3.1.1.Final.jar (172/932 kB) | quarkus-http-servlet-3.1.1.Final.jar (167/498 kB) | jboss-metadata-common-11.0.0.Final.jar (94/475 kB) | jboss-metadata-web-11.0.0.Final.jar (106/468 kB) | quarkus-undertow-spi-1.13.7.Final.jar (24 kB)Progress (5): quarkus-http-core-3.1.1.Final.jar (172/932 kB) | quarkus-http-servlet-3.1.1.Final.jar (167/498 kB) | jboss-metadata-common-11.0.0.Final.jar (98/475 kB) | jboss-metadata-web-11.0.0.Final.jar (106/468 kB) | quarkus-undertow-spi-1.13.7.Final.jar (24 kB)Progress (5): quarkus-http-core-3.1.1.Final.jar (172/932 kB) | quarkus-http-servlet-3.1.1.Final.jar (172/498 kB) | jboss-metadata-common-11.0.0.Final.jar (98/475 kB) | jboss-metadata-web-11.0.0.Final.jar (106/468 kB) | quarkus-undertow-spi-1.13.7.Final.jar (24 kB)Progress (5): quarkus-http-core-3.1.1.Final.jar (172/932 kB) | quarkus-http-servlet-3.1.1.Final.jar (176/498 kB) | jboss-metadata-common-11.0.0.Final.jar (98/475 kB) | jboss-metadata-web-11.0.0.Final.jar (106/468 kB) | quarkus-undertow-spi-1.13.7.Final.jar (24 kB)Progress (5): quarkus-http-core-3.1.1.Final.jar (180/932 kB) | quarkus-http-servlet-3.1.1.Final.jar (176/498 kB) | jboss-metadata-common-11.0.0.Final.jar (98/475 kB) | jboss-metadata-web-11.0.0.Final.jar (106/468 kB) | quarkus-undertow-spi-1.13.7.Final.jar (24 kB)Progress (5): quarkus-http-core-3.1.1.Final.jar (180/932 kB) | quarkus-http-servlet-3.1.1.Final.jar (176/498 kB) | jboss-metadata-common-11.0.0.Final.jar (98/475 kB) | jboss-metadata-web-11.0.0.Final.jar (110/468 kB) | quarkus-undertow-spi-1.13.7.Final.jar (24 kB)Progress (5): quarkus-http-core-3.1.1.Final.jar (180/932 kB) | quarkus-http-servlet-3.1.1.Final.jar (180/498 kB) | jboss-metadata-common-11.0.0.Final.jar (98/475 kB) | jboss-metadata-web-11.0.0.Final.jar (110/468 kB) | quarkus-undertow-spi-1.13.7.Final.jar (24 kB)                                                                                                                                                                                                                                                                        Downloaded from central: https://repo.maven.apache.org/maven2/io/quarkus/quarkus-undertow-spi/1.13.7.Final/quarkus-undertow-spi-1.13.7.Final.jar (24 kB at 69 kB/s)
Downloading from central: https://repo.maven.apache.org/maven2/io/quarkus/quarkus-netty-deployment/1.13.7.Final/quarkus-netty-deployment-1.13.7.Final.jar
Progress (4): quarkus-http-core-3.1.1.Final.jar (180/932 kB) | quarkus-http-servlet-3.1.1.Final.jar (180/498 kB) | jboss-metadata-common-11.0.0.Final.jar (98/475 kB) | jboss-metadata-web-11.0.0.Final.jar (114/468 kB)Progress (4): quarkus-http-core-3.1.1.Final.jar (180/932 kB) | quarkus-http-servlet-3.1.1.Final.jar (184/498 kB) | jboss-metadata-common-11.0.0.Final.jar (98/475 kB) | jboss-metadata-web-11.0.0.Final.jar (114/468 kB)Progress (4): quarkus-http-core-3.1.1.Final.jar (180/932 kB) | quarkus-http-servlet-3.1.1.Final.jar (184/498 kB) | jboss-metadata-common-11.0.0.Final.jar (98/475 kB) | jboss-metadata-web-11.0.0.Final.jar (118/468 kB)Progress (4): quarkus-http-core-3.1.1.Final.jar (180/932 kB) | quarkus-http-servlet-3.1.1.Final.jar (188/498 kB) | jboss-metadata-common-11.0.0.Final.jar (98/475 kB) | jboss-metadata-web-11.0.0.Final.jar (118/468 kB)Progress (4): quarkus-http-core-3.1.1.Final.jar (180/932 kB) | quarkus-http-servlet-3.1.1.Final.jar (188/498 kB) | jboss-metadata-common-11.0.0.Final.jar (102/475 kB) | jboss-metadata-web-11.0.0.Final.jar (118/468 kB)Progress (4): quarkus-http-core-3.1.1.Final.jar (188/932 kB) | quarkus-http-servlet-3.1.1.Final.jar (188/498 kB) | jboss-metadata-common-11.0.0.Final.jar (102/475 kB) | jboss-metadata-web-11.0.0.Final.jar (118/468 kB)Progress (4): quarkus-http-core-3.1.1.Final.jar (188/932 kB) | quarkus-http-servlet-3.1.1.Final.jar (192/498 kB) | jboss-metadata-common-11.0.0.Final.jar (102/475 kB) | jboss-metadata-web-11.0.0.Final.jar (118/468 kB)Progress (4): quarkus-http-core-3.1.1.Final.jar (188/932 kB) | quarkus-http-servlet-3.1.1.Final.jar (192/498 kB) | jboss-metadata-common-11.0.0.Final.jar (102/475 kB) | jboss-metadata-web-11.0.0.Final.jar (122/468 kB)Progress (4): quarkus-http-core-3.1.1.Final.jar (188/932 kB) | quarkus-http-servlet-3.1.1.Final.jar (192/498 kB) | jboss-metadata-common-11.0.0.Final.jar (106/475 kB) | jboss-metadata-web-11.0.0.Final.jar (122/468 kB)Progress (4): quarkus-http-core-3.1.1.Final.jar (188/932 kB) | quarkus-http-servlet-3.1.1.Final.jar (196/498 kB) | jboss-metadata-common-11.0.0.Final.jar (106/475 kB) | jboss-metadata-web-11.0.0.Final.jar (122/468 kB)Progress (4): quarkus-http-core-3.1.1.Final.jar (196/932 kB) | quarkus-http-servlet-3.1.1.Final.jar (196/498 kB) | jboss-metadata-common-11.0.0.Final.jar (106/475 kB) | jboss-metadata-web-11.0.0.Final.jar (122/468 kB)Progress (4): quarkus-http-core-3.1.1.Final.jar (196/932 kB) | quarkus-http-servlet-3.1.1.Final.jar (196/498 kB) | jboss-metadata-common-11.0.0.Final.jar (110/475 kB) | jboss-metadata-web-11.0.0.Final.jar (122/468 kB)Progress (4): quarkus-http-core-3.1.1.Final.jar (196/932 kB) | quarkus-http-servlet-3.1.1.Final.jar (200/498 kB) | jboss-metadata-common-11.0.0.Final.jar (110/475 kB) | jboss-metadata-web-11.0.0.Final.jar (122/468 kB)Progress (4): quarkus-http-core-3.1.1.Final.jar (196/932 kB) | quarkus-http-servlet-3.1.1.Final.jar (200/498 kB) | jboss-metadata-common-11.0.0.Final.jar (110/475 kB) | jboss-metadata-web-11.0.0.Final.jar (126/468 kB)Progress (5): quarkus-http-core-3.1.1.Final.jar (196/932 kB) | quarkus-http-servlet-3.1.1.Final.jar (200/498 kB) | jboss-metadata-common-11.0.0.Final.jar (110/475 kB) | jboss-metadata-web-11.0.0.Final.jar (126/468 kB) | quarkus-netty-deployment-1.13.7.Final.jar (4.1/11 kB)Progress (5): quarkus-http-core-3.1.1.Final.jar (196/932 kB) | quarkus-http-servlet-3.1.1.Final.jar (200/498 kB) | jboss-metadata-common-11.0.0.Final.jar (114/475 kB) | jboss-metadata-web-11.0.0.Final.jar (126/468 kB) | quarkus-netty-deployment-1.13.7.Final.jar (4.1/11 kB)Progress (5): quarkus-http-core-3.1.1.Final.jar (196/932 kB) | quarkus-http-servlet-3.1.1.Final.jar (204/498 kB) | jboss-metadata-common-11.0.0.Final.jar (114/475 kB) | jboss-metadata-web-11.0.0.Final.jar (126/468 kB) | quarkus-netty-deployment-1.13.7.Final.jar (4.1/11 kB)Progress (5): quarkus-http-core-3.1.1.Final.jar (196/932 kB) | quarkus-http-servlet-3.1.1.Final.jar (204/498 kB) | jboss-metadata-common-11.0.0.Final.jar (114/475 kB) | jboss-metadata-web-11.0.0.Final.jar (126/468 kB) | quarkus-netty-deployment-1.13.7.Final.jar (8.2/11 kB)Progress (5): quarkus-http-core-3.1.1.Final.jar (196/932 kB) | quarkus-http-servlet-3.1.1.Final.jar (204/498 kB) | jboss-metadata-common-11.0.0.Final.jar (118/475 kB) | jboss-metadata-web-11.0.0.Final.jar (126/468 kB) | quarkus-netty-deployment-1.13.7.Final.jar (8.2/11 kB)Progress (5): quarkus-http-core-3.1.1.Final.jar (196/932 kB) | quarkus-http-servlet-3.1.1.Final.jar (208/498 kB) | jboss-metadata-common-11.0.0.Final.jar (118/475 kB) | jboss-metadata-web-11.0.0.Final.jar (126/468 kB) | quarkus-netty-deployment-1.13.7.Final.jar (8.2/11 kB)Progress (5): quarkus-http-core-3.1.1.Final.jar (204/932 kB) | quarkus-http-servlet-3.1.1.Final.jar (208/498 kB) | jboss-metadata-common-11.0.0.Final.jar (118/475 kB) | jboss-metadata-web-11.0.0.Final.jar (126/468 kB) | quarkus-netty-deployment-1.13.7.Final.jar (8.2/11 kB)Progress (5): quarkus-http-core-3.1.1.Final.jar (204/932 kB) | quarkus-http-servlet-3.1.1.Final.jar (208/498 kB) | jboss-metadata-common-11.0.0.Final.jar (118/475 kB) | jboss-metadata-web-11.0.0.Final.jar (131/468 kB) | quarkus-netty-deployment-1.13.7.Final.jar (8.2/11 kB)Progress (5): quarkus-http-core-3.1.1.Final.jar (204/932 kB) | quarkus-http-servlet-3.1.1.Final.jar (208/498 kB) | jboss-metadata-common-11.0.0.Final.jar (118/475 kB) | jboss-metadata-web-11.0.0.Final.jar (131/468 kB) | quarkus-netty-deployment-1.13.7.Final.jar (11 kB)    Progress (5): quarkus-http-core-3.1.1.Final.jar (204/932 kB) | quarkus-http-servlet-3.1.1.Final.jar (208/498 kB) | jboss-metadata-common-11.0.0.Final.jar (122/475 kB) | jboss-metadata-web-11.0.0.Final.jar (131/468 kB) | quarkus-netty-deployment-1.13.7.Final.jar (11 kB)Progress (5): quarkus-http-core-3.1.1.Final.jar (204/932 kB) | quarkus-http-servlet-3.1.1.Final.jar (212/498 kB) | jboss-metadata-common-11.0.0.Final.jar (122/475 kB) | jboss-metadata-web-11.0.0.Final.jar (131/468 kB) | quarkus-netty-deployment-1.13.7.Final.jar (11 kB)Progress (5): quarkus-http-core-3.1.1.Final.jar (204/932 kB) | quarkus-http-servlet-3.1.1.Final.jar (212/498 kB) | jboss-metadata-common-11.0.0.Final.jar (126/475 kB) | jboss-metadata-web-11.0.0.Final.jar (131/468 kB) | quarkus-netty-deployment-1.13.7.Final.jar (11 kB)Progress (5): quarkus-http-core-3.1.1.Final.jar (212/932 kB) | quarkus-http-servlet-3.1.1.Final.jar (212/498 kB) | jboss-metadata-common-11.0.0.Final.jar (126/475 kB) | jboss-metadata-web-11.0.0.Final.jar (131/468 kB) | quarkus-netty-deployment-1.13.7.Final.jar (11 kB)Progress (5): quarkus-http-core-3.1.1.Final.jar (212/932 kB) | quarkus-http-servlet-3.1.1.Final.jar (217/498 kB) | jboss-metadata-common-11.0.0.Final.jar (126/475 kB) | jboss-metadata-web-11.0.0.Final.jar (131/468 kB) | quarkus-netty-deployment-1.13.7.Final.jar (11 kB)Progress (5): quarkus-http-core-3.1.1.Final.jar (212/932 kB) | quarkus-http-servlet-3.1.1.Final.jar (217/498 kB) | jboss-metadata-common-11.0.0.Final.jar (126/475 kB) | jboss-metadata-web-11.0.0.Final.jar (135/468 kB) | quarkus-netty-deployment-1.13.7.Final.jar (11 kB)Progress (5): quarkus-http-core-3.1.1.Final.jar (212/932 kB) | quarkus-http-servlet-3.1.1.Final.jar (217/498 kB) | jboss-metadata-common-11.0.0.Final.jar (131/475 kB) | jboss-metadata-web-11.0.0.Final.jar (135/468 kB) | quarkus-netty-deployment-1.13.7.Final.jar (11 kB)Progress (5): quarkus-http-core-3.1.1.Final.jar (212/932 kB) | quarkus-http-servlet-3.1.1.Final.jar (221/498 kB) | jboss-metadata-common-11.0.0.Final.jar (131/475 kB) | jboss-metadata-web-11.0.0.Final.jar (135/468 kB) | quarkus-netty-deployment-1.13.7.Final.jar (11 kB)Progress (5): quarkus-http-core-3.1.1.Final.jar (212/932 kB) | quarkus-http-servlet-3.1.1.Final.jar (221/498 kB) | jboss-metadata-common-11.0.0.Final.jar (135/475 kB) | jboss-metadata-web-11.0.0.Final.jar (135/468 kB) | quarkus-netty-deployment-1.13.7.Final.jar (11 kB)Progress (5): quarkus-http-core-3.1.1.Final.jar (212/932 kB) | quarkus-http-servlet-3.1.1.Final.jar (225/498 kB) | jboss-metadata-common-11.0.0.Final.jar (135/475 kB) | jboss-metadata-web-11.0.0.Final.jar (135/468 kB) | quarkus-netty-deployment-1.13.7.Final.jar (11 kB)Progress (5): quarkus-http-core-3.1.1.Final.jar (212/932 kB) | quarkus-http-servlet-3.1.1.Final.jar (225/498 kB) | jboss-metadata-common-11.0.0.Final.jar (135/475 kB) | jboss-metadata-web-11.0.0.Final.jar (139/468 kB) | quarkus-netty-deployment-1.13.7.Final.jar (11 kB)Progress (5): quarkus-http-core-3.1.1.Final.jar (221/932 kB) | quarkus-http-servlet-3.1.1.Final.jar (225/498 kB) | jboss-metadata-common-11.0.0.Final.jar (135/475 kB) | jboss-metadata-web-11.0.0.Final.jar (139/468 kB) | quarkus-netty-deployment-1.13.7.Final.jar (11 kB)Progress (5): quarkus-http-core-3.1.1.Final.jar (221/932 kB) | quarkus-http-servlet-3.1.1.Final.jar (225/498 kB) | jboss-metadata-common-11.0.0.Final.jar (139/475 kB) | jboss-metadata-web-11.0.0.Final.jar (139/468 kB) | quarkus-netty-deployment-1.13.7.Final.jar (11 kB)                                                                                                                                                                                                                                                                             Downloaded from central: https://repo.maven.apache.org/maven2/io/quarkus/quarkus-netty-deployment/1.13.7.Final/quarkus-netty-deployment-1.13.7.Final.jar (11 kB at 28 kB/s)
Downloading from central: https://repo.maven.apache.org/maven2/io/quarkus/quarkus-vertx-core-deployment/1.13.7.Final/quarkus-vertx-core-deployment-1.13.7.Final.jar
[...]
1.8 MB)Progress (3): quarkus-http-core-3.1.1.Final.jar (901/932 kB) | snakeyaml-1.28.jar (266/327 kB) | quarkus-vertx-http-deployment-1.13.7.Final.jar (0.2/1.8 MB)Progress (3): quarkus-http-core-3.1.1.Final.jar (909/932 kB) | snakeyaml-1.28.jar (266/327 kB) | quarkus-vertx-http-deployment-1.13.7.Final.jar (0.2/1.8 MB)Progress (3): quarkus-http-core-3.1.1.Final.jar (909/932 kB) | snakeyaml-1.28.jar (270/327 kB) | quarkus-vertx-http-deployment-1.13.7.Final.jar (0.2/1.8 MB)Progress (3): quarkus-http-core-3.1.1.Final.jar (917/932 kB) | snakeyaml-1.28.jar (270/327 kB) | quarkus-vertx-http-deployment-1.13.7.Final.jar (0.2/1.8 MB)Progress (3): quarkus-http-core-3.1.1.Final.jar (917/932 kB) | snakeyaml-1.28.jar (270/327 kB) | quarkus-vertx-http-deployment-1.13.7.Final.jar (0.3/1.8 MB)Progress (3): quarkus-http-core-3.1.1.Final.jar (917/932 kB) | snakeyaml-1.28.jar (274/327 kB) | quarkus-vertx-http-deployment-1.13.7.Final.jar (0.3/1.8 MB)Progress (3): quarkus-http-core-3.1.1.Final.jar (925/932 kB) | snakeyaml-1.28.jar (274/327 kB) | quarkus-vertx-http-deployment-1.13.7.Final.jar (0.3/1.8 MB)Progress (3): quarkus-http-core-3.1.1.Final.jar (925/932 kB) | snakeyaml-1.28.jar (274/327 kB) | quarkus-vertx-http-deployment-1.13.7.Final.jar (0.3/1.8 MB)Progress (3): quarkus-http-core-3.1.1.Final.jar (932 kB) | snakeyaml-1.28.jar (274/327 kB) | quarkus-vertx-http-deployment-1.13.7.Final.jar (0.3/1.8 MB)    Progress (3): quarkus-http-core-3.1.1.Final.jar (932 kB) | snakeyaml-1.28.jar (278/327 kB) | quarkus-vertx-http-deployment-1.13.7.Final.jar (0.3/1.8 MB)Progress (3): quarkus-http-core-3.1.1.Final.jar (932 kB) | snakeyaml-1.28.jar (278/327 kB) | quarkus-vertx-http-deployment-1.13.7.Final.jar (0.3/1.8 MB)Progress (3): quarkus-http-core-3.1.1.Final.jar (932 kB) | snakeyaml-1.28.jar (282/327 kB) | quarkus-vertx-http-deployment-1.13.7.Final.jar (0.3/1.8 MB)Progress (3): quarkus-http-core-3.1.1.Final.jar (932 kB) | snakeyaml-1.28.jar (286/327 kB) | quarkus-vertx-http-deployment-1.13.7.Final.jar (0.3/1.8 MB)Progress (3): quarkus-http-core-3.1.1.Final.jar (932 kB) | snakeyaml-1.28.jar (286/327 kB) | quarkus-vertx-http-deployment-1.13.7.Final.jar (0.3/1.8 MB)Progress (3): quarkus-http-core-3.1.1.Final.jar (932 kB) | snakeyaml-1.28.jar (290/327 kB) | quarkus-vertx-http-deployment-1.13.7.Final.jar (0.3/1.8 MB)Progress (3): quarkus-http-core-3.1.1.Final.jar (932 kB) | snakeyaml-1.28.jar (294/327 kB) | quarkus-vertx-http-deployment-1.13.7.Final.jar (0.3/1.8 MB)Progress (3): quarkus-http-core-3.1.1.Final.jar (932 kB) | snakeyaml-1.28.jar (294/327 kB) | quarkus-vertx-http-deployment-1.13.7.Final.jar (0.3/1.8 MB)Progress (3): quarkus-http-core-3.1.1.Final.jar (932 kB) | snakeyaml-1.28.jar (299/327 kB) | quarkus-vertx-http-deployment-1.13.7.Final.jar (0.3/1.8 MB)Progress (3): quarkus-http-core-3.1.1.Final.jar (932 kB) | snakeyaml-1.28.jar (303/327 kB) | quarkus-vertx-http-deployment-1.13.7.Final.jar (0.3/1.8 MB)Progress (3): quarkus-http-core-3.1.1.Final.jar (932 kB) | snakeyaml-1.28.jar (303/327 kB) | quarkus-vertx-http-deployment-1.13.7.Final.jar (0.3/1.8 MB)Progress (3): quarkus-http-core-3.1.1.Final.jar (932 kB) | snakeyaml-1.28.jar (307/327 kB) | quarkus-vertx-http-deployment-1.13.7.Final.jar (0.3/1.8 MB)Progress (3): quarkus-http-core-3.1.1.Final.jar (932 kB) | snakeyaml-1.28.jar (311/327 kB) | quarkus-vertx-http-deployment-1.13.7.Final.jar (0.3/1.8 MB)Progress (3): quarkus-http-core-3.1.1.Final.jar (932 kB) | snakeyaml-1.28.jar (315/327 kB) | quarkus-vertx-http-deployment-1.13.7.Final.jar (0.3/1.8 MB)Progress (3): quarkus-http-core-3.1.1.Final.jar (932 kB) | snakeyaml-1.28.jar (315/327 kB) | quarkus-vertx-http-deployment-1.13.7.Final.jar (0.3/1.8 MB)Progress (3): quarkus-http-core-3.1.1.Final.jar (932 kB) | snakeyaml-1.28.jar (319/327 kB) | quarkus-vertx-http-deployment-1.13.7.Final.jar (0.3/1.8 MB)Progress (3): quarkus-http-core-3.1.1.Final.jar (932 kB) | snakeyaml-1.28.jar (323/327 kB) | quarkus-vertx-http-deployment-1.13.7.Final.jar (0.3/1.8 MB)Progress (3): quarkus-http-core-3.1.1.Final.jar (932 kB) | snakeyaml-1.28.jar (323/327 kB) | quarkus-vertx-http-deployment-1.13.7.Final.jar (0.3/1.8 MB)Progress (3): quarkus-http-core-3.1.1.Final.jar (932 kB) | snakeyaml-1.28.jar (327 kB) | quarkus-vertx-http-deployment-1.13.7.Final.jar (0.3/1.8 MB)    Progress (3): quarkus-http-core-3.1.1.Final.jar (932 kB) | snakeyaml-1.28.jar (327 kB) | quarkus-vertx-http-deployment-1.13.7.Final.jar (0.3/1.8 MB)Progress (3): quarkus-http-core-3.1.1.Final.jar (932 kB) | snakeyaml-1.28.jar (327 kB) | quarkus-vertx-http-deployment-1.13.7.Final.jar (0.3/1.8 MB)Progress (3): quarkus-http-core-3.1.1.Final.jar (932 kB) | snakeyaml-1.28.jar (327 kB) | quarkus-vertx-http-deployment-1.13.7.Final.jar (0.3/1.8 MB)Progress (3): quarkus-http-core-3.1.1.Final.jar (932 kB) | snakeyaml-1.28.jar (327 kB) | quarkus-vertx-http-deployment-1.13.7.Final.jar (0.3/1.8 MB)Progress (3): quarkus-http-core-3.1.1.Final.jar (932 kB) | snakeyaml-1.28.jar (327 kB) | quarkus-vertx-http-deployment-1.13.7.Final.jar (0.4/1.8 MB)Progress (3): quarkus-http-core-3.1.1.Final.jar (932 kB) | snakeyaml-1.28.jar (327 kB) | quarkus-vertx-http-deployment-1.13.7.Final.jar (0.4/1.8 MB)Progress (3): quarkus-http-core-3.1.1.Final.jar (932 kB) | snakeyaml-1.28.jar (327 kB) | quarkus-vertx-http-deployment-1.13.7.Final.jar (0.4/1.8 MB)Progress (3): quarkus-http-core-3.1.1.Final.jar (932 kB) | snakeyaml-1.28.jar (327 kB) | quarkus-vertx-http-deployment-1.13.7.Final.jar (0.4/1.8 MB)                                                                                                                                                    Downloaded from central: https://repo.maven.apache.org/maven2/org/yaml/snakeyaml/1.28/snakeyaml-1.28.jar (327 kB at 340 kB/s)
Downloaded from central: https://repo.maven.apache.org/maven2/io/quarkus/http/quarkus-http-core/3.1.1.Final/quarkus-http-core-3.1.1.Final.jar (932 kB at 964 kB/s)
Progress (1): quarkus-vertx-http-deployment-1.13.7.Final.jar (0.4/1.8 MB)Progress (1): quarkus-vertx-http-deployment-1.13.7.Final.jar (0.4/1.8 MB)Progress (1): quarkus-vertx-http-deployment-1.13.7.Final.jar (0.4/1.8 MB)Progress (1): quarkus-vertx-http-deployment-1.13.7.Final.jar (0.4/1.8 MB)Progress (1): quarkus-vertx-http-deployment-1.13.7.Final.jar (0.4/1.8 MB)Progress (1): quarkus-vertx-http-deployment-1.13.7.Final.jar (0.4/1.8 MB)Progress (1): quarkus-vertx-http-deployment-1.13.7.Final.jar (0.4/1.8 MB)Progress (1): quarkus-vertx-http-deployment-1.13.7.Final.jar (0.4/1.8 MB)Progress (1): quarkus-vertx-http-deployment-1.13.7.Final.jar (0.5/1.8 MB)Progress (1): quarkus-vertx-http-deployment-1.13.7.Final.jar (0.5/1.8 MB)Progress (1): quarkus-vertx-http-deployment-1.13.7.Final.jar (0.5/1.8 MB)Progress (1): quarkus-vertx-http-deployment-1.13.7.Final.jar (0.5/1.8 MB)Progress (1): quarkus-vertx-http-deployment-1.13.7.Final.jar (0.5/1.8 MB)Progress (1): quarkus-vertx-http-deployment-1.13.7.Final.jar (0.5/1.8 MB)Progress (1): quarkus-vertx-http-deployment-1.13.7.Final.jar (0.5/1.8 MB)Progress (1): quarkus-vertx-http-deployment-1.13.7.Final.jar (0.5/1.8 MB)Progress (1): quarkus-vertx-http-deployment-1.13.7.Final.jar (0.5/1.8 MB)Progress (1): quarkus-vertx-http-deployment-1.13.7.Final.jar (0.5/1.8 MB)Progress (1): quarkus-vertx-http-deployment-1.13.7.Final.jar (0.5/1.8 MB)Progress (1): quarkus-vertx-http-deployment-1.13.7.Final.jar (0.5/1.8 MB)Progress (1): quarkus-vertx-http-deployment-1.13.7.Final.jar (0.5/1.8 MB)Progress (1): quarkus-vertx-http-deployment-1.13.7.Final.jar (0.6/1.8 MB)Progress (1): quarkus-vertx-http-deployment-1.13.7.Final.jar (0.6/1.8 MB)Progress (1): quarkus-vertx-http-deployment-1.13.7.Final.jar (0.6/1.8 MB)Progress (1): quarkus-vertx-http-deployment-1.13.7.Final.jar (0.6/1.8 MB)Progress (1): quarkus-vertx-http-deployment-1.13.7.Final.jar (0.6/1.8 MB)Progress (1): quarkus-vertx-http-deployment-1.13.7.Final.jar (0.6/1.8 MB)Progress (1): quarkus-vertx-http-deployment-1.13.7.Final.jar (0.6/1.8 MB)Progress (1): quarkus-vertx-http-deployment-1.13.7.Final.jar (0.6/1.8 MB)Progress (1): quarkus-vertx-http-deployment-1.13.7.Final.jar (0.6/1.8 MB)Progress (1): quarkus-vertx-http-deployment-1.13.7.Final.jar (0.6/1.8 MB)Progress (1): quarkus-vertx-http-deployment-1.13.7.Final.jar (0.6/1.8 MB)Progress (1): quarkus-vertx-http-deployment-1.13.7.Final.jar (0.6/1.8 MB)Progress (1): quarkus-vertx-http-deployment-1.13.7.Final.jar (0.7/1.8 MB)Progress (1): quarkus-vertx-http-deployment-1.13.7.Final.jar (0.7/1.8 MB)Progress (1): quarkus-vertx-http-deployment-1.13.7.Final.jar (0.7/1.8 MB)Progress (1): quarkus-vertx-http-deployment-1.13.7.Final.jar (0.7/1.8 MB)Progress (1): quarkus-vertx-http-deployment-1.13.7.Final.jar (0.7/1.8 MB)Progress (1): quarkus-vertx-http-deployment-1.13.7.Final.jar (0.7/1.8 MB)Progress (1): quarkus-vertx-http-deployment-1.13.7.Final.jar (0.7/1.8 MB)Progress (1): quarkus-vertx-http-deployment-1.13.7.Final.jar (0.7/1.8 MB)Progress (1): quarkus-vertx-http-deployment-1.13.7.Final.jar (0.7/1.8 MB)Progress (1): quarkus-vertx-http-deployment-1.13.7.Final.jar (0.7/1.8 MB)Progress (1): quarkus-vertx-http-deployment-1.13.7.Final.jar (0.7/1.8 MB)Progress (1): quarkus-vertx-http-deployment-1.13.7.Final.jar (0.8/1.8 MB)Progress (1): quarkus-vertx-http-deployment-1.13.7.Final.jar (0.8/1.8 MB)Progress (1): quarkus-vertx-http-deployment-1.13.7.Final.jar (0.8/1.8 MB)Progress (1): quarkus-vertx-http-deployment-1.13.7.Final.jar (0.8/1.8 MB)Progress (1): quarkus-vertx-http-deployment-1.13.7.Final.jar (0.8/1.8 MB)Progress (1): quarkus-vertx-http-deployment-1.13.7.Final.jar (0.8/1.8 MB)Progress (1): quarkus-vertx-http-deployment-1.13.7.Final.jar (0.8/1.8 MB)Progress (1): quarkus-vertx-http-deployment-1.13.7.Final.jar (0.8/1.8 MB)Progress (1): quarkus-vertx-http-deployment-1.13.7.Final.jar (0.8/1.8 MB)Progress (1): quarkus-vertx-http-deployment-1.13.7.Final.jar (0.8/1.8 MB)Progress (1): quarkus-vertx-http-deployment-1.13.7.Final.jar (0.8/1.8 MB)Progress (1): quarkus-vertx-http-deployment-1.13.7.Final.jar (0.8/1.8 MB)Progress (1): quarkus-vertx-http-deployment-1.13.7.Final.jar (0.9/1.8 MB)Progress (1): quarkus-vertx-http-deployment-1.13.7.Final.jar (0.9/1.8 MB)Progress (1): quarkus-vertx-http-deployment-1.13.7.Final.jar (0.9/1.8 MB)Progress (1): quarkus-vertx-http-deployment-1.13.7.Final.jar (0.9/1.8 MB)Progress (1): quarkus-vertx-http-deployment-1.13.7.Final.jar (0.9/1.8 MB)Progress (1): quarkus-vertx-http-deployment-1.13.7.Final.jar (0.9/1.8 MB)Progress (1): quarkus-vertx-http-deployment-1.13.7.Final.jar (0.9/1.8 MB)Progress (1): quarkus-vertx-http-deployment-1.13.7.Final.jar (0.9/1.8 MB)Progress (1): quarkus-vertx-http-deployment-1.13.7.Final.jar (0.9/1.8 MB)Progress (1): quarkus-vertx-http-deployment-1.13.7.Final.jar (0.9/1.8 MB)Progress (1): quarkus-vertx-http-deployment-1.13.7.Final.jar (0.9/1.8 MB)Progress (1): quarkus-vertx-http-deployment-1.13.7.Final.jar (0.9/1.8 MB)Progress (1): quarkus-vertx-http-deployment-1.13.7.Final.jar (0.9/1.8 MB)Progress (1): quarkus-vertx-http-deployment-1.13.7.Final.jar (1.0/1.8 MB)Progress (1): quarkus-vertx-http-deployment-1.13.7.Final.jar (1.0/1.8 MB)Progress (1): quarkus-vertx-http-deployment-1.13.7.Final.jar (1.0/1.8 MB)Progress (1): quarkus-vertx-http-deployment-1.13.7.Final.jar (1.0/1.8 MB)Progress (1): quarkus-vertx-http-deployment-1.13.7.Final.jar (1.0/1.8 MB)Progress (1): quarkus-vertx-http-deployment-1.13.7.Final.jar (1.0/1.8 MB)Progress (1): quarkus-vertx-http-deployment-1.13.7.Final.jar (1.0/1.8 MB)Progress (1): quarkus-vertx-http-deployment-1.13.7.Final.jar (1.0/1.8 MB)Progress (1): quarkus-vertx-http-deployment-1.13.7.Final.jar (1.0/1.8 MB)Progress (1): quarkus-vertx-http-deployment-1.13.7.Final.jar (1.0/1.8 MB)Progress (1): quarkus-vertx-http-deployment-1.13.7.Final.jar (1.0/1.8 MB)Progress (1): quarkus-vertx-http-deployment-1.13.7.Final.jar (1.0/1.8 MB)Progress (1): quarkus-vertx-http-deployment-1.13.7.Final.jar (1.1/1.8 MB)Progress (1): quarkus-vertx-http-deployment-1.13.7.Final.jar (1.1/1.8 MB)Progress (1): quarkus-vertx-http-deployment-1.13.7.Final.jar (1.1/1.8 MB)Progress (1): quarkus-vertx-http-deployment-1.13.7.Final.jar (1.1/1.8 MB)Progress (1): quarkus-vertx-http-deployment-1.13.7.Final.jar (1.1/1.8 MB)Progress (1): quarkus-vertx-http-deployment-1.13.7.Final.jar (1.1/1.8 MB)Progress (1): quarkus-vertx-http-deployment-1.13.7.Final.jar (1.1/1.8 MB)Progress (1): quarkus-vertx-http-deployment-1.13.7.Final.jar (1.1/1.8 MB)Progress (1): quarkus-vertx-http-deployment-1.13.7.Final.jar (1.1/1.8 MB)Progress (1): quarkus-vertx-http-deployment-1.13.7.Final.jar (1.1/1.8 MB)Progress (1): quarkus-vertx-http-deployment-1.13.7.Final.jar (1.1/1.8 MB)Progress (1): quarkus-vertx-http-deployment-1.13.7.Final.jar (1.1/1.8 MB)Progress (1): quarkus-vertx-http-deployment-1.13.7.Final.jar (1.2/1.8 MB)Progress (1): quarkus-vertx-http-deployment-1.13.7.Final.jar (1.2/1.8 MB)Progress (1): quarkus-vertx-http-deployment-1.13.7.Final.jar (1.2/1.8 MB)Progress (1): quarkus-vertx-http-deployment-1.13.7.Final.jar (1.2/1.8 MB)Progress (1): quarkus-vertx-http-deployment-1.13.7.Final.jar (1.2/1.8 MB)Progress (1): quarkus-vertx-http-deployment-1.13.7.Final.jar (1.2/1.8 MB)Progress (1): quarkus-vertx-http-deployment-1.13.7.Final.jar (1.2/1.8 MB)Progress (1): quarkus-vertx-http-deployment-1.13.7.Final.jar (1.2/1.8 MB)Progress (1): quarkus-vertx-http-deployment-1.13.7.Final.jar (1.2/1.8 MB)Progress (1): quarkus-vertx-http-deployment-1.13.7.Final.jar (1.2/1.8 MB)Progress (1): quarkus-vertx-http-deployment-1.13.7.Final.jar (1.2/1.8 MB)Progress (1): quarkus-vertx-http-deployment-1.13.7.Final.jar (1.2/1.8 MB)Progress (1): quarkus-vertx-http-deployment-1.13.7.Final.jar (1.3/1.8 MB)Progress (1): quarkus-vertx-http-deployment-1.13.7.Final.jar (1.3/1.8 MB)Progress (1): quarkus-vertx-http-deployment-1.13.7.Final.jar (1.3/1.8 MB)Progress (1): quarkus-vertx-http-deployment-1.13.7.Final.jar (1.3/1.8 MB)Progress (1): quarkus-vertx-http-deployment-1.13.7.Final.jar (1.3/1.8 MB)Progress (1): quarkus-vertx-http-deployment-1.13.7.Final.jar (1.3/1.8 MB)Progress (1): quarkus-vertx-http-deployment-1.13.7.Final.jar (1.3/1.8 MB)Progress (1): quarkus-vertx-http-deployment-1.13.7.Final.jar (1.3/1.8 MB)Progress (1): quarkus-vertx-http-deployment-1.13.7.Final.jar (1.3/1.8 MB)Progress (1): quarkus-vertx-http-deployment-1.13.7.Final.jar (1.3/1.8 MB)Progress (1): quarkus-vertx-http-deployment-1.13.7.Final.jar (1.3/1.8 MB)Progress (1): quarkus-vertx-http-deployment-1.13.7.Final.jar (1.3/1.8 MB)Progress (1): quarkus-vertx-http-deployment-1.13.7.Final.jar (1.4/1.8 MB)Progress (1): quarkus-vertx-http-deployment-1.13.7.Final.jar (1.4/1.8 MB)Progress (1): quarkus-vertx-http-deployment-1.13.7.Final.jar (1.4/1.8 MB)Progress (1): quarkus-vertx-http-deployment-1.13.7.Final.jar (1.4/1.8 MB)Progress (1): quarkus-vertx-http-deployment-1.13.7.Final.jar (1.4/1.8 MB)Progress (1): quarkus-vertx-http-deployment-1.13.7.Final.jar (1.4/1.8 MB)Progress (1): quarkus-vertx-http-deployment-1.13.7.Final.jar (1.4/1.8 MB)Progress (1): quarkus-vertx-http-deployment-1.13.7.Final.jar (1.4/1.8 MB)Progress (1): quarkus-vertx-http-deployment-1.13.7.Final.jar (1.4/1.8 MB)Progress (1): quarkus-vertx-http-deployment-1.13.7.Final.jar (1.4/1.8 MB)Progress (1): quarkus-vertx-http-deployment-1.13.7.Final.jar (1.4/1.8 MB)Progress (1): quarkus-vertx-http-deployment-1.13.7.Final.jar (1.4/1.8 MB)Progress (1): quarkus-vertx-http-deployment-1.13.7.Final.jar (1.4/1.8 MB)Progress (1): quarkus-vertx-http-deployment-1.13.7.Final.jar (1.5/1.8 MB)Progress (1): quarkus-vertx-http-deployment-1.13.7.Final.jar (1.5/1.8 MB)Progress (1): quarkus-vertx-http-deployment-1.13.7.Final.jar (1.5/1.8 MB)Progress (1): quarkus-vertx-http-deployment-1.13.7.Final.jar (1.5/1.8 MB)Progress (1): quarkus-vertx-http-deployment-1.13.7.Final.jar (1.5/1.8 MB)Progress (1): quarkus-vertx-http-deployment-1.13.7.Final.jar (1.5/1.8 MB)Progress (1): quarkus-vertx-http-deployment-1.13.7.Final.jar (1.5/1.8 MB)Progress (1): quarkus-vertx-http-deployment-1.13.7.Final.jar (1.5/1.8 MB)Progress (1): quarkus-vertx-http-deployment-1.13.7.Final.jar (1.5/1.8 MB)Progress (1): quarkus-vertx-http-deployment-1.13.7.Final.jar (1.5/1.8 MB)Progress (1): quarkus-vertx-http-deployment-1.13.7.Final.jar (1.5/1.8 MB)Progress (1): quarkus-vertx-http-deployment-1.13.7.Final.jar (1.5/1.8 MB)Progress (1): quarkus-vertx-http-deployment-1.13.7.Final.jar (1.6/1.8 MB)Progress (1): quarkus-vertx-http-deployment-1.13.7.Final.jar (1.6/1.8 MB)Progress (1): quarkus-vertx-http-deployment-1.13.7.Final.jar (1.6/1.8 MB)Progress (1): quarkus-vertx-http-deployment-1.13.7.Final.jar (1.6/1.8 MB)Progress (1): quarkus-vertx-http-deployment-1.13.7.Final.jar (1.6/1.8 MB)Progress (1): quarkus-vertx-http-deployment-1.13.7.Final.jar (1.6/1.8 MB)Progress (1): quarkus-vertx-http-deployment-1.13.7.Final.jar (1.6/1.8 MB)Progress (1): quarkus-vertx-http-deployment-1.13.7.Final.jar (1.6/1.8 MB)Progress (1): quarkus-vertx-http-deployment-1.13.7.Final.jar (1.6/1.8 MB)Progress (1): quarkus-vertx-http-deployment-1.13.7.Final.jar (1.6/1.8 MB)Progress (1): quarkus-vertx-http-deployment-1.13.7.Final.jar (1.6/1.8 MB)Progress (1): quarkus-vertx-http-deployment-1.13.7.Final.jar (1.6/1.8 MB)Progress (1): quarkus-vertx-http-deployment-1.13.7.Final.jar (1.7/1.8 MB)Progress (1): quarkus-vertx-http-deployment-1.13.7.Final.jar (1.7/1.8 MB)Progress (1): quarkus-vertx-http-deployment-1.13.7.Final.jar (1.7/1.8 MB)Progress (1): quarkus-vertx-http-deployment-1.13.7.Final.jar (1.7/1.8 MB)Progress (1): quarkus-vertx-http-deployment-1.13.7.Final.jar (1.7/1.8 MB)Progress (1): quarkus-vertx-http-deployment-1.13.7.Final.jar (1.7/1.8 MB)Progress (1): quarkus-vertx-http-deployment-1.13.7.Final.jar (1.7/1.8 MB)Progress (1): quarkus-vertx-http-deployment-1.13.7.Final.jar (1.7/1.8 MB)Progress (1): quarkus-vertx-http-deployment-1.13.7.Final.jar (1.7/1.8 MB)Progress (1): quarkus-vertx-http-deployment-1.13.7.Final.jar (1.7/1.8 MB)Progress (1): quarkus-vertx-http-deployment-1.13.7.Final.jar (1.7/1.8 MB)Progress (1): quarkus-vertx-http-deployment-1.13.7.Final.jar (1.7/1.8 MB)Progress (1): quarkus-vertx-http-deployment-1.13.7.Final.jar (1.8/1.8 MB)Progress (1): quarkus-vertx-http-deployment-1.13.7.Final.jar (1.8/1.8 MB)Progress (1): quarkus-vertx-http-deployment-1.13.7.Final.jar (1.8/1.8 MB)Progress (1): quarkus-vertx-http-deployment-1.13.7.Final.jar (1.8 MB)                                                                         Downloaded from central: https://repo.maven.apache.org/maven2/io/quarkus/quarkus-vertx-http-deployment/1.13.7.Final/quarkus-vertx-http-deployment-1.13.7.Final.jar (1.8 MB at 1.5 MB/s)
Downloading from central: https://repo.maven.apache.org/maven2/io/quarkus/quarkus-bom-quarkus-platform-properties/1.13.7.Final/quarkus-bom-quarkus-platform-properties-1.13.7.Final.properties
Progress (1): quarkus-bom-quarkus-platform-properties-1.13.7.Final.properties (90 B)                                                                                    Downloaded from central: https://repo.maven.apache.org/maven2/io/quarkus/quarkus-bom-quarkus-platform-properties/1.13.7.Final/quarkus-bom-quarkus-platform-properties-1.13.7.Final.properties (90 B at 2.2 kB/s)
2022-03-23 15:39:28,467 INFO  [io.quarkus] (main) Quarkus 1.13.7.Final on JVM started in 1.717s. Listening on: http://localhost:8081
2022-03-23 15:39:28,469 INFO  [io.quarkus] (main) Profile test activated. 
2022-03-23 15:39:28,469 INFO  [io.quarkus] (main) Installed features: [cdi, resteasy]
]]></system-out>
    <system-err><![CDATA[LogManager error of type WRITE_FAILURE: The delayed handler's queue was overrun and log record(s) were lost. Did you forget to configure logging?
]]></system-err>
  </testcase>
  <testcase name="testGreetingEndpoint" classname="org.acme.getting.started.GreetingResourceTest" time="0.029"/>
</testsuite>